[2024-10-29T18:40:47.184+0000] {manager.py:487} INFO - Processing files using up to 2 processes at a time 
[2024-10-29T18:40:47.199+0000] {manager.py:488} INFO - Process each file at most once every 30 seconds
[2024-10-29T18:40:47.207+0000] {manager.py:490} INFO - Checking for new files in /opt/airflow/dags every 300 seconds
[2024-10-29T18:40:47.215+0000] {manager.py:758} INFO - Searching for files in /opt/airflow/dags
[2024-10-29T18:40:47.236+0000] {manager.py:761} INFO - There are 0 files in /opt/airflow/dags
[2024-10-29T18:45:48.215+0000] {manager.py:758} INFO - Searching for files in /opt/airflow/dags
[2024-10-29T18:45:48.216+0000] {manager.py:761} INFO - There are 0 files in /opt/airflow/dags
[2024-10-29T18:50:48.706+0000] {manager.py:758} INFO - Searching for files in /opt/airflow/dags
[2024-10-29T18:50:48.707+0000] {manager.py:761} INFO - There are 0 files in /opt/airflow/dags
[2024-10-29T18:55:49.321+0000] {manager.py:758} INFO - Searching for files in /opt/airflow/dags
[2024-10-29T18:55:49.322+0000] {manager.py:761} INFO - There are 0 files in /opt/airflow/dags
[2024-10-29T19:00:49.827+0000] {manager.py:758} INFO - Searching for files in /opt/airflow/dags
[2024-10-29T19:00:49.829+0000] {manager.py:761} INFO - There are 0 files in /opt/airflow/dags
[2024-10-29T19:05:50.346+0000] {manager.py:758} INFO - Searching for files in /opt/airflow/dags
[2024-10-29T19:05:50.347+0000] {manager.py:761} INFO - There are 0 files in /opt/airflow/dags
[2024-10-29T19:10:50.902+0000] {manager.py:758} INFO - Searching for files in /opt/airflow/dags
[2024-10-29T19:10:50.903+0000] {manager.py:761} INFO - There are 0 files in /opt/airflow/dags
[2024-10-29T19:15:51.425+0000] {manager.py:758} INFO - Searching for files in /opt/airflow/dags
[2024-10-29T19:15:51.427+0000] {manager.py:761} INFO - There are 0 files in /opt/airflow/dags
[2024-10-29T19:20:52.009+0000] {manager.py:758} INFO - Searching for files in /opt/airflow/dags
[2024-10-29T19:20:52.009+0000] {manager.py:761} INFO - There are 0 files in /opt/airflow/dags
[2024-10-29T19:25:52.506+0000] {manager.py:758} INFO - Searching for files in /opt/airflow/dags
[2024-10-29T19:25:52.509+0000] {manager.py:761} INFO - There are 0 files in /opt/airflow/dags
[2024-10-29T19:30:52.972+0000] {manager.py:758} INFO - Searching for files in /opt/airflow/dags
[2024-10-29T19:30:52.973+0000] {manager.py:761} INFO - There are 0 files in /opt/airflow/dags
[2024-10-29T19:35:53.489+0000] {manager.py:758} INFO - Searching for files in /opt/airflow/dags
[2024-10-29T19:35:53.490+0000] {manager.py:761} INFO - There are 0 files in /opt/airflow/dags
[2024-10-29T19:40:53.977+0000] {manager.py:758} INFO - Searching for files in /opt/airflow/dags
[2024-10-29T19:40:53.980+0000] {manager.py:761} INFO - There are 0 files in /opt/airflow/dags
[2024-10-29T19:45:54.468+0000] {manager.py:758} INFO - Searching for files in /opt/airflow/dags
[2024-10-29T19:45:54.470+0000] {manager.py:761} INFO - There are 0 files in /opt/airflow/dags
[2024-10-29T19:50:55.005+0000] {manager.py:758} INFO - Searching for files in /opt/airflow/dags
[2024-10-29T19:50:55.007+0000] {manager.py:761} INFO - There are 0 files in /opt/airflow/dags
[2024-10-29T19:55:55.476+0000] {manager.py:758} INFO - Searching for files in /opt/airflow/dags
[2024-10-29T19:55:55.477+0000] {manager.py:761} INFO - There are 0 files in /opt/airflow/dags
[2024-10-29T20:00:56.004+0000] {manager.py:758} INFO - Searching for files in /opt/airflow/dags
[2024-10-29T20:00:56.005+0000] {manager.py:761} INFO - There are 0 files in /opt/airflow/dags
[2024-10-29T20:05:56.522+0000] {manager.py:758} INFO - Searching for files in /opt/airflow/dags
[2024-10-29T20:05:56.524+0000] {manager.py:761} INFO - There are 0 files in /opt/airflow/dags
[2024-10-29T20:10:57.049+0000] {manager.py:758} INFO - Searching for files in /opt/airflow/dags
[2024-10-29T20:10:57.051+0000] {manager.py:761} INFO - There are 0 files in /opt/airflow/dags
[2024-10-29T20:15:57.541+0000] {manager.py:758} INFO - Searching for files in /opt/airflow/dags
[2024-10-29T20:15:57.542+0000] {manager.py:761} INFO - There are 0 files in /opt/airflow/dags
[2024-10-29T20:20:58.000+0000] {manager.py:758} INFO - Searching for files in /opt/airflow/dags
[2024-10-29T20:20:58.001+0000] {manager.py:761} INFO - There are 0 files in /opt/airflow/dags
[2024-10-29T20:25:58.537+0000] {manager.py:758} INFO - Searching for files in /opt/airflow/dags
[2024-10-29T20:25:58.540+0000] {manager.py:761} INFO - There are 0 files in /opt/airflow/dags
[2024-10-29T20:30:59.062+0000] {manager.py:758} INFO - Searching for files in /opt/airflow/dags
[2024-10-29T20:30:59.065+0000] {manager.py:761} INFO - There are 0 files in /opt/airflow/dags
[2024-10-29T20:35:59.529+0000] {manager.py:758} INFO - Searching for files in /opt/airflow/dags
[2024-10-29T20:35:59.532+0000] {manager.py:761} INFO - There are 0 files in /opt/airflow/dags
[2024-10-29T20:41:00.021+0000] {manager.py:758} INFO - Searching for files in /opt/airflow/dags
[2024-10-29T20:41:00.023+0000] {manager.py:761} INFO - There are 0 files in /opt/airflow/dags
[2024-10-29T20:46:00.557+0000] {manager.py:758} INFO - Searching for files in /opt/airflow/dags
[2024-10-29T20:46:00.559+0000] {manager.py:761} INFO - There are 0 files in /opt/airflow/dags
[2024-10-29T20:51:01.043+0000] {manager.py:758} INFO - Searching for files in /opt/airflow/dags
[2024-10-29T20:51:01.045+0000] {manager.py:761} INFO - There are 0 files in /opt/airflow/dags
[2024-10-29T20:56:01.548+0000] {manager.py:758} INFO - Searching for files in /opt/airflow/dags
[2024-10-29T20:56:01.549+0000] {manager.py:761} INFO - There are 0 files in /opt/airflow/dags
[2024-10-29T21:01:02.048+0000] {manager.py:758} INFO - Searching for files in /opt/airflow/dags
[2024-10-29T21:01:02.051+0000] {manager.py:761} INFO - There are 0 files in /opt/airflow/dags
[2024-10-29T21:06:02.537+0000] {manager.py:758} INFO - Searching for files in /opt/airflow/dags
[2024-10-29T21:06:02.544+0000] {manager.py:761} INFO - There are 0 files in /opt/airflow/dags
[2024-10-29T21:11:03.088+0000] {manager.py:758} INFO - Searching for files in /opt/airflow/dags
[2024-10-29T21:11:03.091+0000] {manager.py:761} INFO - There are 0 files in /opt/airflow/dags
[2024-10-29T21:16:03.631+0000] {manager.py:758} INFO - Searching for files in /opt/airflow/dags
[2024-10-29T21:16:03.632+0000] {manager.py:761} INFO - There are 0 files in /opt/airflow/dags
[2024-10-29T21:21:04.081+0000] {manager.py:758} INFO - Searching for files in /opt/airflow/dags
[2024-10-29T21:21:04.082+0000] {manager.py:761} INFO - There are 0 files in /opt/airflow/dags
[2024-10-29T21:26:04.619+0000] {manager.py:758} INFO - Searching for files in /opt/airflow/dags
[2024-10-29T21:26:04.621+0000] {manager.py:761} INFO - There are 0 files in /opt/airflow/dags
[2024-10-29T21:31:05.111+0000] {manager.py:758} INFO - Searching for files in /opt/airflow/dags
[2024-10-29T21:31:05.112+0000] {manager.py:761} INFO - There are 0 files in /opt/airflow/dags
[2024-10-29T21:36:05.702+0000] {manager.py:758} INFO - Searching for files in /opt/airflow/dags
[2024-10-29T21:36:05.704+0000] {manager.py:761} INFO - There are 0 files in /opt/airflow/dags
[2024-10-29T21:41:06.255+0000] {manager.py:758} INFO - Searching for files in /opt/airflow/dags
[2024-10-29T21:41:06.256+0000] {manager.py:761} INFO - There are 0 files in /opt/airflow/dags
[2024-10-29T21:46:06.723+0000] {manager.py:758} INFO - Searching for files in /opt/airflow/dags
[2024-10-29T21:46:06.724+0000] {manager.py:761} INFO - There are 0 files in /opt/airflow/dags
[2024-10-29T21:51:07.206+0000] {manager.py:758} INFO - Searching for files in /opt/airflow/dags
[2024-10-29T21:51:07.208+0000] {manager.py:761} INFO - There are 0 files in /opt/airflow/dags
[2024-10-29T21:56:07.709+0000] {manager.py:758} INFO - Searching for files in /opt/airflow/dags
[2024-10-29T21:56:07.712+0000] {manager.py:761} INFO - There are 0 files in /opt/airflow/dags
[2024-10-29T22:01:08.252+0000] {manager.py:758} INFO - Searching for files in /opt/airflow/dags
[2024-10-29T22:01:08.253+0000] {manager.py:761} INFO - There are 0 files in /opt/airflow/dags
[2024-10-29T22:06:08.802+0000] {manager.py:758} INFO - Searching for files in /opt/airflow/dags
[2024-10-29T22:06:08.804+0000] {manager.py:761} INFO - There are 0 files in /opt/airflow/dags
[2024-10-29T22:11:09.340+0000] {manager.py:758} INFO - Searching for files in /opt/airflow/dags
[2024-10-29T22:11:09.341+0000] {manager.py:761} INFO - There are 0 files in /opt/airflow/dags
[2024-10-29T22:16:09.882+0000] {manager.py:758} INFO - Searching for files in /opt/airflow/dags
[2024-10-29T22:16:09.883+0000] {manager.py:761} INFO - There are 0 files in /opt/airflow/dags
[2024-10-29T22:21:10.394+0000] {manager.py:758} INFO - Searching for files in /opt/airflow/dags
[2024-10-29T22:21:10.396+0000] {manager.py:761} INFO - There are 0 files in /opt/airflow/dags
[2024-10-29T22:26:10.864+0000] {manager.py:758} INFO - Searching for files in /opt/airflow/dags
[2024-10-29T22:26:10.865+0000] {manager.py:761} INFO - There are 0 files in /opt/airflow/dags
[2024-10-29T22:31:11.518+0000] {manager.py:758} INFO - Searching for files in /opt/airflow/dags
[2024-10-29T22:31:11.522+0000] {manager.py:761} INFO - There are 0 files in /opt/airflow/dags
[2024-10-29T22:36:12.016+0000] {manager.py:758} INFO - Searching for files in /opt/airflow/dags
[2024-10-29T22:36:12.019+0000] {manager.py:761} INFO - There are 0 files in /opt/airflow/dags
[2024-10-29T22:41:12.551+0000] {manager.py:758} INFO - Searching for files in /opt/airflow/dags
[2024-10-29T22:41:12.554+0000] {manager.py:761} INFO - There are 0 files in /opt/airflow/dags
[2024-10-29T22:46:13.141+0000] {manager.py:758} INFO - Searching for files in /opt/airflow/dags
[2024-10-29T22:46:13.144+0000] {manager.py:761} INFO - There are 0 files in /opt/airflow/dags
[2024-10-29T22:51:13.666+0000] {manager.py:758} INFO - Searching for files in /opt/airflow/dags
[2024-10-29T22:51:13.668+0000] {manager.py:761} INFO - There are 0 files in /opt/airflow/dags
[2024-10-29T22:56:14.294+0000] {manager.py:758} INFO - Searching for files in /opt/airflow/dags
[2024-10-29T22:56:14.296+0000] {manager.py:761} INFO - There are 0 files in /opt/airflow/dags
[2024-10-29T23:01:14.851+0000] {manager.py:758} INFO - Searching for files in /opt/airflow/dags
[2024-10-29T23:01:14.853+0000] {manager.py:761} INFO - There are 0 files in /opt/airflow/dags
[2024-10-29T23:06:15.410+0000] {manager.py:758} INFO - Searching for files in /opt/airflow/dags
[2024-10-29T23:06:15.411+0000] {manager.py:761} INFO - There are 0 files in /opt/airflow/dags
[2024-10-29T23:11:16.004+0000] {manager.py:758} INFO - Searching for files in /opt/airflow/dags
[2024-10-29T23:11:16.015+0000] {manager.py:761} INFO - There are 0 files in /opt/airflow/dags
[2024-10-29T23:16:16.577+0000] {manager.py:758} INFO - Searching for files in /opt/airflow/dags
[2024-10-29T23:16:16.580+0000] {manager.py:761} INFO - There are 0 files in /opt/airflow/dags
[2024-10-29T23:21:17.174+0000] {manager.py:758} INFO - Searching for files in /opt/airflow/dags
[2024-10-29T23:21:17.176+0000] {manager.py:761} INFO - There are 0 files in /opt/airflow/dags
[2024-10-29T23:26:17.853+0000] {manager.py:758} INFO - Searching for files in /opt/airflow/dags
[2024-10-29T23:26:17.855+0000] {manager.py:761} INFO - There are 0 files in /opt/airflow/dags
[2024-10-29T23:31:18.465+0000] {manager.py:758} INFO - Searching for files in /opt/airflow/dags
[2024-10-29T23:31:18.468+0000] {manager.py:761} INFO - There are 0 files in /opt/airflow/dags
[2024-10-29T23:36:19.177+0000] {manager.py:758} INFO - Searching for files in /opt/airflow/dags
[2024-10-29T23:36:19.180+0000] {manager.py:761} INFO - There are 0 files in /opt/airflow/dags
[2024-10-29T23:41:19.763+0000] {manager.py:758} INFO - Searching for files in /opt/airflow/dags
[2024-10-29T23:41:19.765+0000] {manager.py:761} INFO - There are 0 files in /opt/airflow/dags
[2024-10-29T23:45:43.544+0000] {manager.py:470} INFO - Exiting gracefully upon receiving signal 15
[2024-10-29T23:47:53.594+0000] {manager.py:487} INFO - Processing files using up to 2 processes at a time 
[2024-10-29T23:47:53.599+0000] {manager.py:488} INFO - Process each file at most once every 30 seconds
[2024-10-29T23:47:53.608+0000] {manager.py:490} INFO - Checking for new files in /opt/airflow/dags every 300 seconds
[2024-10-29T23:47:53.611+0000] {manager.py:758} INFO - Searching for files in /opt/airflow/dags
[2024-10-29T23:47:53.635+0000] {manager.py:761} INFO - There are 1 files in /opt/airflow/dags
[2024-10-29T23:47:54.024+0000] {manager.py:889} INFO - 
================================================================================
DAG File Processing Stats

File Path                                   PID  Runtime      # DAGs    # Errors  Last Runtime    Last Run
----------------------------------------  -----  ---------  --------  ----------  --------------  ----------
/opt/airflow/dags/sumo_simulation_dag.py    162  0.16s             0           0
================================================================================
[2024-10-29T23:48:24.126+0000] {manager.py:889} INFO - 
================================================================================
DAG File Processing Stats

File Path                                 PID    Runtime      # DAGs    # Errors  Last Runtime    Last Run
----------------------------------------  -----  ---------  --------  ----------  --------------  -------------------
/opt/airflow/dags/sumo_simulation_dag.py                           1           0  1.11s           2024-10-29T23:47:54
================================================================================
[2024-10-29T23:48:54.375+0000] {manager.py:889} INFO - 
================================================================================
DAG File Processing Stats

File Path                                 PID    Runtime      # DAGs    # Errors  Last Runtime    Last Run
----------------------------------------  -----  ---------  --------  ----------  --------------  -------------------
/opt/airflow/dags/sumo_simulation_dag.py                           1           0  0.14s           2024-10-29T23:48:25
================================================================================
[2024-10-29T23:49:24.577+0000] {manager.py:889} INFO - 
================================================================================
DAG File Processing Stats

File Path                                 PID    Runtime      # DAGs    # Errors  Last Runtime    Last Run
----------------------------------------  -----  ---------  --------  ----------  --------------  -------------------
/opt/airflow/dags/sumo_simulation_dag.py                           1           0  0.23s           2024-10-29T23:48:55
================================================================================
[2024-10-29T23:49:54.635+0000] {manager.py:889} INFO - 
================================================================================
DAG File Processing Stats

File Path                                 PID    Runtime      # DAGs    # Errors  Last Runtime    Last Run
----------------------------------------  -----  ---------  --------  ----------  --------------  -------------------
/opt/airflow/dags/sumo_simulation_dag.py                           1           0  0.71s           2024-10-29T23:49:26
================================================================================
[2024-10-29T23:50:24.821+0000] {manager.py:889} INFO - 
================================================================================
DAG File Processing Stats

File Path                                 PID    Runtime      # DAGs    # Errors  Last Runtime    Last Run
----------------------------------------  -----  ---------  --------  ----------  --------------  -------------------
/opt/airflow/dags/sumo_simulation_dag.py                           1           0  0.24s           2024-10-29T23:49:56
================================================================================
[2024-10-29T23:50:55.203+0000] {manager.py:889} INFO - 
================================================================================
DAG File Processing Stats

File Path                                 PID    Runtime      # DAGs    # Errors  Last Runtime    Last Run
----------------------------------------  -----  ---------  --------  ----------  --------------  -------------------
/opt/airflow/dags/sumo_simulation_dag.py                           1           0  0.24s           2024-10-29T23:50:27
================================================================================
[2024-10-29T23:51:25.609+0000] {manager.py:889} INFO - 
================================================================================
DAG File Processing Stats

File Path                                 PID    Runtime      # DAGs    # Errors  Last Runtime    Last Run
----------------------------------------  -----  ---------  --------  ----------  --------------  -------------------
/opt/airflow/dags/sumo_simulation_dag.py                           1           0  0.39s           2024-10-29T23:50:57
================================================================================
[2024-10-29T23:51:56.169+0000] {manager.py:889} INFO - 
================================================================================
DAG File Processing Stats

File Path                                 PID    Runtime      # DAGs    # Errors  Last Runtime    Last Run
----------------------------------------  -----  ---------  --------  ----------  --------------  -------------------
/opt/airflow/dags/sumo_simulation_dag.py                           1           0  0.36s           2024-10-29T23:51:28
================================================================================
[2024-10-29T23:52:26.668+0000] {manager.py:889} INFO - 
================================================================================
DAG File Processing Stats

File Path                                 PID    Runtime      # DAGs    # Errors  Last Runtime    Last Run
----------------------------------------  -----  ---------  --------  ----------  --------------  -------------------
/opt/airflow/dags/sumo_simulation_dag.py                           1           0  0.42s           2024-10-29T23:51:58
================================================================================
[2024-10-29T23:52:54.228+0000] {manager.py:758} INFO - Searching for files in /opt/airflow/dags
[2024-10-29T23:52:54.232+0000] {manager.py:761} INFO - There are 1 files in /opt/airflow/dags
[2024-10-29T23:52:57.258+0000] {manager.py:889} INFO - 
================================================================================
DAG File Processing Stats

File Path                                 PID    Runtime      # DAGs    # Errors  Last Runtime    Last Run
----------------------------------------  -----  ---------  --------  ----------  --------------  -------------------
/opt/airflow/dags/sumo_simulation_dag.py                           1           0  0.29s           2024-10-29T23:52:29
================================================================================
[2024-10-29T23:53:27.669+0000] {manager.py:889} INFO - 
================================================================================
DAG File Processing Stats

File Path                                 PID    Runtime      # DAGs    # Errors  Last Runtime    Last Run
----------------------------------------  -----  ---------  --------  ----------  --------------  -------------------
/opt/airflow/dags/sumo_simulation_dag.py                           1           0  0.29s           2024-10-29T23:52:59
================================================================================
[2024-10-29T23:53:58.203+0000] {manager.py:889} INFO - 
================================================================================
DAG File Processing Stats

File Path                                 PID    Runtime      # DAGs    # Errors  Last Runtime    Last Run
----------------------------------------  -----  ---------  --------  ----------  --------------  -------------------
/opt/airflow/dags/sumo_simulation_dag.py                           1           0  0.13s           2024-10-29T23:53:30
================================================================================
[2024-10-29T23:54:28.465+0000] {manager.py:889} INFO - 
================================================================================
DAG File Processing Stats

File Path                                 PID    Runtime      # DAGs    # Errors  Last Runtime    Last Run
----------------------------------------  -----  ---------  --------  ----------  --------------  -------------------
/opt/airflow/dags/sumo_simulation_dag.py                           1           0  0.15s           2024-10-29T23:54:00
================================================================================
[2024-10-29T23:54:58.654+0000] {manager.py:889} INFO - 
================================================================================
DAG File Processing Stats

File Path                                 PID    Runtime      # DAGs    # Errors  Last Runtime    Last Run
----------------------------------------  -----  ---------  --------  ----------  --------------  -------------------
/opt/airflow/dags/sumo_simulation_dag.py                           1           0  0.13s           2024-10-29T23:54:30
================================================================================
[2024-10-29T23:55:28.877+0000] {manager.py:889} INFO - 
================================================================================
DAG File Processing Stats

File Path                                 PID    Runtime      # DAGs    # Errors  Last Runtime    Last Run
----------------------------------------  -----  ---------  --------  ----------  --------------  -------------------
/opt/airflow/dags/sumo_simulation_dag.py                           1           0  0.14s           2024-10-29T23:55:00
================================================================================
[2024-10-29T23:55:59.073+0000] {manager.py:889} INFO - 
================================================================================
DAG File Processing Stats

File Path                                 PID    Runtime      # DAGs    # Errors  Last Runtime    Last Run
----------------------------------------  -----  ---------  --------  ----------  --------------  -------------------
/opt/airflow/dags/sumo_simulation_dag.py                           1           0  0.11s           2024-10-29T23:55:31
================================================================================
[2024-10-29T23:56:29.276+0000] {manager.py:889} INFO - 
================================================================================
DAG File Processing Stats

File Path                                 PID    Runtime      # DAGs    # Errors  Last Runtime    Last Run
----------------------------------------  -----  ---------  --------  ----------  --------------  -------------------
/opt/airflow/dags/sumo_simulation_dag.py                           1           0  0.14s           2024-10-29T23:56:01
================================================================================
[2024-10-29T23:56:59.508+0000] {manager.py:889} INFO - 
================================================================================
DAG File Processing Stats

File Path                                 PID    Runtime      # DAGs    # Errors  Last Runtime    Last Run
----------------------------------------  -----  ---------  --------  ----------  --------------  -------------------
/opt/airflow/dags/sumo_simulation_dag.py                           1           0  0.13s           2024-10-29T23:56:31
================================================================================
[2024-10-29T23:57:29.709+0000] {manager.py:889} INFO - 
================================================================================
DAG File Processing Stats

File Path                                 PID    Runtime      # DAGs    # Errors  Last Runtime    Last Run
----------------------------------------  -----  ---------  --------  ----------  --------------  -------------------
/opt/airflow/dags/sumo_simulation_dag.py                           1           0  0.13s           2024-10-29T23:57:01
================================================================================
[2024-10-29T23:57:54.900+0000] {manager.py:758} INFO - Searching for files in /opt/airflow/dags
[2024-10-29T23:57:54.902+0000] {manager.py:761} INFO - There are 1 files in /opt/airflow/dags
[2024-10-29T23:57:59.933+0000] {manager.py:889} INFO - 
================================================================================
DAG File Processing Stats

File Path                                 PID    Runtime      # DAGs    # Errors  Last Runtime    Last Run
----------------------------------------  -----  ---------  --------  ----------  --------------  -------------------
/opt/airflow/dags/sumo_simulation_dag.py                           1           0  0.11s           2024-10-29T23:57:31
================================================================================
[2024-10-29T23:58:30.101+0000] {manager.py:889} INFO - 
================================================================================
DAG File Processing Stats

File Path                                 PID    Runtime      # DAGs    # Errors  Last Runtime    Last Run
----------------------------------------  -----  ---------  --------  ----------  --------------  -------------------
/opt/airflow/dags/sumo_simulation_dag.py                           1           0  0.12s           2024-10-29T23:58:02
================================================================================
[2024-10-29T23:59:00.319+0000] {manager.py:889} INFO - 
================================================================================
DAG File Processing Stats

File Path                                 PID    Runtime      # DAGs    # Errors  Last Runtime    Last Run
----------------------------------------  -----  ---------  --------  ----------  --------------  -------------------
/opt/airflow/dags/sumo_simulation_dag.py                           1           0  0.11s           2024-10-29T23:58:32
================================================================================
[2024-10-29T23:59:30.458+0000] {manager.py:889} INFO - 
================================================================================
DAG File Processing Stats

File Path                                 PID    Runtime      # DAGs    # Errors  Last Runtime    Last Run
----------------------------------------  -----  ---------  --------  ----------  --------------  -------------------
/opt/airflow/dags/sumo_simulation_dag.py                           1           0  0.10s           2024-10-29T23:59:02
================================================================================
[2024-10-30T00:00:00.700+0000] {manager.py:889} INFO - 
================================================================================
DAG File Processing Stats

File Path                                 PID    Runtime      # DAGs    # Errors  Last Runtime    Last Run
----------------------------------------  -----  ---------  --------  ----------  --------------  -------------------
/opt/airflow/dags/sumo_simulation_dag.py                           1           0  0.11s           2024-10-29T23:59:32
================================================================================
[2024-10-30T00:00:30.853+0000] {manager.py:889} INFO - 
================================================================================
DAG File Processing Stats

File Path                                 PID    Runtime      # DAGs    # Errors  Last Runtime    Last Run
----------------------------------------  -----  ---------  --------  ----------  --------------  -------------------
/opt/airflow/dags/sumo_simulation_dag.py                           1           0  0.12s           2024-10-30T00:00:02
================================================================================
[2024-10-30T00:01:01.061+0000] {manager.py:889} INFO - 
================================================================================
DAG File Processing Stats

File Path                                 PID    Runtime      # DAGs    # Errors  Last Runtime    Last Run
----------------------------------------  -----  ---------  --------  ----------  --------------  -------------------
/opt/airflow/dags/sumo_simulation_dag.py                           1           0  0.10s           2024-10-30T00:00:32
================================================================================
[2024-10-30T00:01:31.230+0000] {manager.py:889} INFO - 
================================================================================
DAG File Processing Stats

File Path                                 PID    Runtime      # DAGs    # Errors  Last Runtime    Last Run
----------------------------------------  -----  ---------  --------  ----------  --------------  -------------------
/opt/airflow/dags/sumo_simulation_dag.py                           1           0  0.12s           2024-10-30T00:01:03
================================================================================
[2024-10-30T00:02:01.479+0000] {manager.py:889} INFO - 
================================================================================
DAG File Processing Stats

File Path                                 PID    Runtime      # DAGs    # Errors  Last Runtime    Last Run
----------------------------------------  -----  ---------  --------  ----------  --------------  -------------------
/opt/airflow/dags/sumo_simulation_dag.py                           1           0  0.12s           2024-10-30T00:01:33
================================================================================
[2024-10-30T00:02:31.656+0000] {manager.py:889} INFO - 
================================================================================
DAG File Processing Stats

File Path                                 PID    Runtime      # DAGs    # Errors  Last Runtime    Last Run
----------------------------------------  -----  ---------  --------  ----------  --------------  -------------------
/opt/airflow/dags/sumo_simulation_dag.py                           1           0  0.13s           2024-10-30T00:02:03
================================================================================
[2024-10-30T00:02:55.840+0000] {manager.py:758} INFO - Searching for files in /opt/airflow/dags
[2024-10-30T00:02:55.842+0000] {manager.py:761} INFO - There are 1 files in /opt/airflow/dags
[2024-10-30T00:03:01.882+0000] {manager.py:889} INFO - 
================================================================================
DAG File Processing Stats

File Path                                 PID    Runtime      # DAGs    # Errors  Last Runtime    Last Run
----------------------------------------  -----  ---------  --------  ----------  --------------  -------------------
/opt/airflow/dags/sumo_simulation_dag.py                           1           0  0.10s           2024-10-30T00:02:33
================================================================================
[2024-10-30T00:03:32.054+0000] {manager.py:889} INFO - 
================================================================================
DAG File Processing Stats

File Path                                 PID    Runtime      # DAGs    # Errors  Last Runtime    Last Run
----------------------------------------  -----  ---------  --------  ----------  --------------  -------------------
/opt/airflow/dags/sumo_simulation_dag.py                           1           0  0.09s           2024-10-30T00:03:03
================================================================================
[2024-10-30T00:04:02.257+0000] {manager.py:889} INFO - 
================================================================================
DAG File Processing Stats

File Path                                 PID    Runtime      # DAGs    # Errors  Last Runtime    Last Run
----------------------------------------  -----  ---------  --------  ----------  --------------  -------------------
/opt/airflow/dags/sumo_simulation_dag.py                           1           0  0.11s           2024-10-30T00:03:34
================================================================================
[2024-10-30T00:04:32.424+0000] {manager.py:889} INFO - 
================================================================================
DAG File Processing Stats

File Path                                 PID    Runtime      # DAGs    # Errors  Last Runtime    Last Run
----------------------------------------  -----  ---------  --------  ----------  --------------  -------------------
/opt/airflow/dags/sumo_simulation_dag.py                           1           0  0.12s           2024-10-30T00:04:04
================================================================================
[2024-10-30T00:05:02.668+0000] {manager.py:889} INFO - 
================================================================================
DAG File Processing Stats

File Path                                 PID    Runtime      # DAGs    # Errors  Last Runtime    Last Run
----------------------------------------  -----  ---------  --------  ----------  --------------  -------------------
/opt/airflow/dags/sumo_simulation_dag.py                           1           0  0.12s           2024-10-30T00:04:34
================================================================================
[2024-10-30T00:05:32.818+0000] {manager.py:889} INFO - 
================================================================================
DAG File Processing Stats

File Path                                 PID    Runtime      # DAGs    # Errors  Last Runtime    Last Run
----------------------------------------  -----  ---------  --------  ----------  --------------  -------------------
/opt/airflow/dags/sumo_simulation_dag.py                           1           0  0.10s           2024-10-30T00:05:04
================================================================================
[2024-10-30T00:06:03.081+0000] {manager.py:889} INFO - 
================================================================================
DAG File Processing Stats

File Path                                 PID    Runtime      # DAGs    # Errors  Last Runtime    Last Run
----------------------------------------  -----  ---------  --------  ----------  --------------  -------------------
/opt/airflow/dags/sumo_simulation_dag.py                           1           0  0.12s           2024-10-30T00:05:34
================================================================================
[2024-10-30T00:06:33.285+0000] {manager.py:889} INFO - 
================================================================================
DAG File Processing Stats

File Path                                 PID    Runtime      # DAGs    # Errors  Last Runtime    Last Run
----------------------------------------  -----  ---------  --------  ----------  --------------  -------------------
/opt/airflow/dags/sumo_simulation_dag.py                           1           0  0.14s           2024-10-30T00:06:05
================================================================================
[2024-10-30T00:07:03.519+0000] {manager.py:889} INFO - 
================================================================================
DAG File Processing Stats

File Path                                 PID    Runtime      # DAGs    # Errors  Last Runtime    Last Run
----------------------------------------  -----  ---------  --------  ----------  --------------  -------------------
/opt/airflow/dags/sumo_simulation_dag.py                           1           0  0.11s           2024-10-30T00:06:35
================================================================================
[2024-10-30T00:07:33.693+0000] {manager.py:889} INFO - 
================================================================================
DAG File Processing Stats

File Path                                 PID    Runtime      # DAGs    # Errors  Last Runtime    Last Run
----------------------------------------  -----  ---------  --------  ----------  --------------  -------------------
/opt/airflow/dags/sumo_simulation_dag.py                           1           0  0.10s           2024-10-30T00:07:05
================================================================================
[2024-10-30T00:07:55.860+0000] {manager.py:758} INFO - Searching for files in /opt/airflow/dags
[2024-10-30T00:07:55.864+0000] {manager.py:761} INFO - There are 1 files in /opt/airflow/dags
[2024-10-30T00:08:03.909+0000] {manager.py:889} INFO - 
================================================================================
DAG File Processing Stats

File Path                                 PID    Runtime      # DAGs    # Errors  Last Runtime    Last Run
----------------------------------------  -----  ---------  --------  ----------  --------------  -------------------
/opt/airflow/dags/sumo_simulation_dag.py                           1           0  0.12s           2024-10-30T00:07:35
================================================================================
[2024-10-30T00:08:34.076+0000] {manager.py:889} INFO - 
================================================================================
DAG File Processing Stats

File Path                                 PID    Runtime      # DAGs    # Errors  Last Runtime    Last Run
----------------------------------------  -----  ---------  --------  ----------  --------------  -------------------
/opt/airflow/dags/sumo_simulation_dag.py                           1           0  0.17s           2024-10-30T00:08:06
================================================================================
[2024-10-30T00:09:04.378+0000] {manager.py:889} INFO - 
================================================================================
DAG File Processing Stats

File Path                                 PID    Runtime      # DAGs    # Errors  Last Runtime    Last Run
----------------------------------------  -----  ---------  --------  ----------  --------------  -------------------
/opt/airflow/dags/sumo_simulation_dag.py                           1           0  0.15s           2024-10-30T00:08:36
================================================================================
[2024-10-30T00:09:34.628+0000] {manager.py:889} INFO - 
================================================================================
DAG File Processing Stats

File Path                                 PID    Runtime      # DAGs    # Errors  Last Runtime    Last Run
----------------------------------------  -----  ---------  --------  ----------  --------------  -------------------
/opt/airflow/dags/sumo_simulation_dag.py                           1           0  0.13s           2024-10-30T00:09:06
================================================================================
[2024-10-30T00:10:04.810+0000] {manager.py:889} INFO - 
================================================================================
DAG File Processing Stats

File Path                                 PID    Runtime      # DAGs    # Errors  Last Runtime    Last Run
----------------------------------------  -----  ---------  --------  ----------  --------------  -------------------
/opt/airflow/dags/sumo_simulation_dag.py                           1           0  0.15s           2024-10-30T00:09:36
================================================================================
[2024-10-30T00:10:35.067+0000] {manager.py:889} INFO - 
================================================================================
DAG File Processing Stats

File Path                                 PID    Runtime      # DAGs    # Errors  Last Runtime    Last Run
----------------------------------------  -----  ---------  --------  ----------  --------------  -------------------
/opt/airflow/dags/sumo_simulation_dag.py                           1           0  0.14s           2024-10-30T00:10:06
================================================================================
[2024-10-30T00:11:05.250+0000] {manager.py:889} INFO - 
================================================================================
DAG File Processing Stats

File Path                                 PID    Runtime      # DAGs    # Errors  Last Runtime    Last Run
----------------------------------------  -----  ---------  --------  ----------  --------------  -------------------
/opt/airflow/dags/sumo_simulation_dag.py                           1           0  0.14s           2024-10-30T00:10:37
================================================================================
[2024-10-30T00:11:35.469+0000] {manager.py:889} INFO - 
================================================================================
DAG File Processing Stats

File Path                                 PID    Runtime      # DAGs    # Errors  Last Runtime    Last Run
----------------------------------------  -----  ---------  --------  ----------  --------------  -------------------
/opt/airflow/dags/sumo_simulation_dag.py                           1           0  0.17s           2024-10-30T00:11:07
================================================================================
[2024-10-30T00:12:06.060+0000] {manager.py:889} INFO - 
================================================================================
DAG File Processing Stats

File Path                                 PID    Runtime      # DAGs    # Errors  Last Runtime    Last Run
----------------------------------------  -----  ---------  --------  ----------  --------------  -------------------
/opt/airflow/dags/sumo_simulation_dag.py                           1           0  1.16s           2024-10-30T00:11:38
================================================================================
[2024-10-30T00:12:36.272+0000] {manager.py:889} INFO - 
================================================================================
DAG File Processing Stats

File Path                                 PID    Runtime      # DAGs    # Errors  Last Runtime    Last Run
----------------------------------------  -----  ---------  --------  ----------  --------------  -------------------
/opt/airflow/dags/sumo_simulation_dag.py                           1           0  0.22s           2024-10-30T00:12:09
================================================================================
[2024-10-30T00:12:55.932+0000] {manager.py:758} INFO - Searching for files in /opt/airflow/dags
[2024-10-30T00:12:55.935+0000] {manager.py:761} INFO - There are 1 files in /opt/airflow/dags
[2024-10-30T00:13:06.597+0000] {manager.py:889} INFO - 
================================================================================
DAG File Processing Stats

File Path                                 PID    Runtime      # DAGs    # Errors  Last Runtime    Last Run
----------------------------------------  -----  ---------  --------  ----------  --------------  -------------------
/opt/airflow/dags/sumo_simulation_dag.py                           1           0  0.39s           2024-10-30T00:12:39
================================================================================
[2024-10-30T00:13:32.630+0000] {manager.py:470} INFO - Exiting gracefully upon receiving signal 15
[2024-10-30T00:14:18.355+0000] {manager.py:487} INFO - Processing files using up to 2 processes at a time 
[2024-10-30T00:14:18.357+0000] {manager.py:488} INFO - Process each file at most once every 30 seconds
[2024-10-30T00:14:18.359+0000] {manager.py:490} INFO - Checking for new files in /opt/airflow/dags every 300 seconds
[2024-10-30T00:14:18.362+0000] {manager.py:758} INFO - Searching for files in /opt/airflow/dags
[2024-10-30T00:14:18.371+0000] {manager.py:761} INFO - There are 1 files in /opt/airflow/dags
[2024-10-30T00:14:18.639+0000] {manager.py:889} INFO - 
================================================================================
DAG File Processing Stats

File Path                                   PID  Runtime      # DAGs    # Errors  Last Runtime    Last Run
----------------------------------------  -----  ---------  --------  ----------  --------------  ----------
/opt/airflow/dags/sumo_simulation_dag.py    162  0.12s             0           0
================================================================================
[2024-10-30T00:14:48.889+0000] {manager.py:889} INFO - 
================================================================================
DAG File Processing Stats

File Path                                 PID    Runtime      # DAGs    # Errors  Last Runtime    Last Run
----------------------------------------  -----  ---------  --------  ----------  --------------  -------------------
/opt/airflow/dags/sumo_simulation_dag.py                           1           0  0.61s           2024-10-30T00:14:19
================================================================================
[2024-10-30T00:15:19.530+0000] {manager.py:889} INFO - 
================================================================================
DAG File Processing Stats

File Path                                 PID    Runtime      # DAGs    # Errors  Last Runtime    Last Run
----------------------------------------  -----  ---------  --------  ----------  --------------  -------------------
/opt/airflow/dags/sumo_simulation_dag.py                           1           0  0.18s           2024-10-30T00:14:49
================================================================================
[2024-10-30T00:15:49.852+0000] {manager.py:889} INFO - 
================================================================================
DAG File Processing Stats

File Path                                 PID    Runtime      # DAGs    # Errors  Last Runtime    Last Run
----------------------------------------  -----  ---------  --------  ----------  --------------  -------------------
/opt/airflow/dags/sumo_simulation_dag.py                           1           0  0.21s           2024-10-30T00:15:19
================================================================================
[2024-10-30T00:16:20.239+0000] {manager.py:889} INFO - 
================================================================================
DAG File Processing Stats

File Path                                 PID    Runtime      # DAGs    # Errors  Last Runtime    Last Run
----------------------------------------  -----  ---------  --------  ----------  --------------  -------------------
/opt/airflow/dags/sumo_simulation_dag.py                           1           0  0.21s           2024-10-30T00:15:50
================================================================================
[2024-10-30T00:16:50.595+0000] {manager.py:889} INFO - 
================================================================================
DAG File Processing Stats

File Path                                 PID    Runtime      # DAGs    # Errors  Last Runtime    Last Run
----------------------------------------  -----  ---------  --------  ----------  --------------  -------------------
/opt/airflow/dags/sumo_simulation_dag.py                           1           0  0.23s           2024-10-30T00:16:20
================================================================================
[2024-10-30T00:17:20.964+0000] {manager.py:889} INFO - 
================================================================================
DAG File Processing Stats

File Path                                 PID    Runtime      # DAGs    # Errors  Last Runtime    Last Run
----------------------------------------  -----  ---------  --------  ----------  --------------  -------------------
/opt/airflow/dags/sumo_simulation_dag.py                           1           0  0.24s           2024-10-30T00:16:51
================================================================================
[2024-10-30T00:17:51.342+0000] {manager.py:889} INFO - 
================================================================================
DAG File Processing Stats

File Path                                 PID    Runtime      # DAGs    # Errors  Last Runtime    Last Run
----------------------------------------  -----  ---------  --------  ----------  --------------  -------------------
/opt/airflow/dags/sumo_simulation_dag.py                           1           0  0.39s           2024-10-30T00:17:21
================================================================================
[2024-10-30T00:18:21.346+0000] {manager.py:889} INFO - 
================================================================================
DAG File Processing Stats

File Path                                 PID    Runtime      # DAGs    # Errors  Last Runtime    Last Run
----------------------------------------  -----  ---------  --------  ----------  --------------  -------------------
/opt/airflow/dags/sumo_simulation_dag.py                           1           0  0.39s           2024-10-30T00:17:52
================================================================================
[2024-10-30T00:18:51.503+0000] {manager.py:889} INFO - 
================================================================================
DAG File Processing Stats

File Path                                 PID    Runtime      # DAGs    # Errors  Last Runtime    Last Run
----------------------------------------  -----  ---------  --------  ----------  --------------  -------------------
/opt/airflow/dags/sumo_simulation_dag.py                           1           0  0.51s           2024-10-30T00:18:22
================================================================================
[2024-10-30T00:19:18.621+0000] {manager.py:758} INFO - Searching for files in /opt/airflow/dags
[2024-10-30T00:19:18.626+0000] {manager.py:761} INFO - There are 1 files in /opt/airflow/dags
[2024-10-30T00:19:21.659+0000] {manager.py:889} INFO - 
================================================================================
DAG File Processing Stats

File Path                                 PID    Runtime      # DAGs    # Errors  Last Runtime    Last Run
----------------------------------------  -----  ---------  --------  ----------  --------------  -------------------
/opt/airflow/dags/sumo_simulation_dag.py                           1           0  0.46s           2024-10-30T00:18:53
================================================================================
[2024-10-30T00:19:43.004+0000] {manager.py:470} INFO - Exiting gracefully upon receiving signal 15
[2024-10-30T00:21:17.764+0000] {manager.py:487} INFO - Processing files using up to 2 processes at a time 
[2024-10-30T00:21:17.765+0000] {manager.py:488} INFO - Process each file at most once every 30 seconds
[2024-10-30T00:21:17.767+0000] {manager.py:490} INFO - Checking for new files in /opt/airflow/dags every 300 seconds
[2024-10-30T00:21:17.768+0000] {manager.py:758} INFO - Searching for files in /opt/airflow/dags
[2024-10-30T00:21:17.774+0000] {manager.py:761} INFO - There are 1 files in /opt/airflow/dags
[2024-10-30T00:21:18.094+0000] {manager.py:889} INFO - 
================================================================================
DAG File Processing Stats

File Path                                   PID  Runtime      # DAGs    # Errors  Last Runtime    Last Run
----------------------------------------  -----  ---------  --------  ----------  --------------  ----------
/opt/airflow/dags/sumo_simulation_dag.py    162  0.18s             0           0
================================================================================
[2024-10-30T00:21:48.292+0000] {manager.py:889} INFO - 
================================================================================
DAG File Processing Stats

File Path                                 PID    Runtime      # DAGs    # Errors  Last Runtime    Last Run
----------------------------------------  -----  ---------  --------  ----------  --------------  -------------------
/opt/airflow/dags/sumo_simulation_dag.py                           1           0  0.77s           2024-10-30T00:21:18
================================================================================
[2024-10-30T00:22:19.095+0000] {manager.py:889} INFO - 
================================================================================
DAG File Processing Stats

File Path                                   PID  Runtime      # DAGs    # Errors  Last Runtime    Last Run
----------------------------------------  -----  ---------  --------  ----------  --------------  -------------------
/opt/airflow/dags/sumo_simulation_dag.py    173  0.01s             1           0  0.17s           2024-10-30T00:21:49
================================================================================
[2024-10-30T00:22:49.387+0000] {manager.py:889} INFO - 
================================================================================
DAG File Processing Stats

File Path                                   PID  Runtime      # DAGs    # Errors  Last Runtime    Last Run
----------------------------------------  -----  ---------  --------  ----------  --------------  -------------------
/opt/airflow/dags/sumo_simulation_dag.py    178  0.00s             1           0  0.23s           2024-10-30T00:22:19
================================================================================
[2024-10-30T00:23:19.658+0000] {manager.py:889} INFO - 
================================================================================
DAG File Processing Stats

File Path                                   PID  Runtime      # DAGs    # Errors  Last Runtime    Last Run
----------------------------------------  -----  ---------  --------  ----------  --------------  -------------------
/opt/airflow/dags/sumo_simulation_dag.py    183  0.00s             1           0  0.17s           2024-10-30T00:22:49
================================================================================
[2024-10-30T00:23:50.065+0000] {manager.py:889} INFO - 
================================================================================
DAG File Processing Stats

File Path                                 PID    Runtime      # DAGs    # Errors  Last Runtime    Last Run
----------------------------------------  -----  ---------  --------  ----------  --------------  -------------------
/opt/airflow/dags/sumo_simulation_dag.py                           1           0  0.24s           2024-10-30T00:23:24
================================================================================
[2024-10-30T00:24:20.386+0000] {manager.py:889} INFO - 
================================================================================
DAG File Processing Stats

File Path                                 PID    Runtime      # DAGs    # Errors  Last Runtime    Last Run
----------------------------------------  -----  ---------  --------  ----------  --------------  -------------------
/opt/airflow/dags/sumo_simulation_dag.py                           1           0  0.17s           2024-10-30T00:23:55
================================================================================
[2024-10-30T00:24:50.861+0000] {manager.py:889} INFO - 
================================================================================
DAG File Processing Stats

File Path                                 PID    Runtime      # DAGs    # Errors  Last Runtime    Last Run
----------------------------------------  -----  ---------  --------  ----------  --------------  -------------------
/opt/airflow/dags/sumo_simulation_dag.py                           1           0  2.29s           2024-10-30T00:24:27
================================================================================
[2024-10-30T00:25:21.215+0000] {manager.py:889} INFO - 
================================================================================
DAG File Processing Stats

File Path                                 PID    Runtime      # DAGs    # Errors  Last Runtime    Last Run
----------------------------------------  -----  ---------  --------  ----------  --------------  -------------------
/opt/airflow/dags/sumo_simulation_dag.py                           1           0  0.28s           2024-10-30T00:24:58
================================================================================
[2024-10-30T00:25:51.426+0000] {manager.py:889} INFO - 
================================================================================
DAG File Processing Stats

File Path                                 PID    Runtime      # DAGs    # Errors  Last Runtime    Last Run
----------------------------------------  -----  ---------  --------  ----------  --------------  -------------------
/opt/airflow/dags/sumo_simulation_dag.py                           1           0  0.31s           2024-10-30T00:25:28
================================================================================
[2024-10-30T00:26:17.816+0000] {manager.py:758} INFO - Searching for files in /opt/airflow/dags
[2024-10-30T00:26:17.818+0000] {manager.py:761} INFO - There are 1 files in /opt/airflow/dags
[2024-10-30T00:26:21.847+0000] {manager.py:889} INFO - 
================================================================================
DAG File Processing Stats

File Path                                 PID    Runtime      # DAGs    # Errors  Last Runtime    Last Run
----------------------------------------  -----  ---------  --------  ----------  --------------  -------------------
/opt/airflow/dags/sumo_simulation_dag.py                           1           0  0.27s           2024-10-30T00:25:58
================================================================================
[2024-10-30T00:26:52.374+0000] {manager.py:889} INFO - 
================================================================================
DAG File Processing Stats

File Path                                 PID    Runtime      # DAGs    # Errors  Last Runtime    Last Run
----------------------------------------  -----  ---------  --------  ----------  --------------  -------------------
/opt/airflow/dags/sumo_simulation_dag.py                           1           0  0.42s           2024-10-30T00:26:29
================================================================================
[2024-10-30T00:27:22.807+0000] {manager.py:889} INFO - 
================================================================================
DAG File Processing Stats

File Path                                 PID    Runtime      # DAGs    # Errors  Last Runtime    Last Run
----------------------------------------  -----  ---------  --------  ----------  --------------  -------------------
/opt/airflow/dags/sumo_simulation_dag.py                           1           0  0.15s           2024-10-30T00:26:59
================================================================================
[2024-10-30T00:27:53.216+0000] {manager.py:889} INFO - 
================================================================================
DAG File Processing Stats

File Path                                 PID    Runtime      # DAGs    # Errors  Last Runtime    Last Run
----------------------------------------  -----  ---------  --------  ----------  --------------  -------------------
/opt/airflow/dags/sumo_simulation_dag.py                           1           0  0.16s           2024-10-30T00:27:30
================================================================================
[2024-10-30T00:28:23.501+0000] {manager.py:889} INFO - 
================================================================================
DAG File Processing Stats

File Path                                 PID    Runtime      # DAGs    # Errors  Last Runtime    Last Run
----------------------------------------  -----  ---------  --------  ----------  --------------  -------------------
/opt/airflow/dags/sumo_simulation_dag.py                           1           0  0.31s           2024-10-30T00:28:00
================================================================================
[2024-10-30T00:28:53.856+0000] {manager.py:889} INFO - 
================================================================================
DAG File Processing Stats

File Path                                 PID    Runtime      # DAGs    # Errors  Last Runtime    Last Run
----------------------------------------  -----  ---------  --------  ----------  --------------  -------------------
/opt/airflow/dags/sumo_simulation_dag.py                           1           0  0.15s           2024-10-30T00:28:30
================================================================================
[2024-10-30T00:29:24.172+0000] {manager.py:889} INFO - 
================================================================================
DAG File Processing Stats

File Path                                 PID    Runtime      # DAGs    # Errors  Last Runtime    Last Run
----------------------------------------  -----  ---------  --------  ----------  --------------  -------------------
/opt/airflow/dags/sumo_simulation_dag.py                           1           0  0.19s           2024-10-30T00:29:01
================================================================================
[2024-10-30T00:29:54.354+0000] {manager.py:889} INFO - 
================================================================================
DAG File Processing Stats

File Path                                 PID    Runtime      # DAGs    # Errors  Last Runtime    Last Run
----------------------------------------  -----  ---------  --------  ----------  --------------  -------------------
/opt/airflow/dags/sumo_simulation_dag.py                           1           0  0.14s           2024-10-30T00:29:31
================================================================================
[2024-10-30T00:30:24.622+0000] {manager.py:889} INFO - 
================================================================================
DAG File Processing Stats

File Path                                 PID    Runtime      # DAGs    # Errors  Last Runtime    Last Run
----------------------------------------  -----  ---------  --------  ----------  --------------  -------------------
/opt/airflow/dags/sumo_simulation_dag.py                           1           0  0.15s           2024-10-30T00:30:01
================================================================================
[2024-10-30T00:30:54.781+0000] {manager.py:889} INFO - 
================================================================================
DAG File Processing Stats

File Path                                 PID    Runtime      # DAGs    # Errors  Last Runtime    Last Run
----------------------------------------  -----  ---------  --------  ----------  --------------  -------------------
/opt/airflow/dags/sumo_simulation_dag.py                           1           0  0.13s           2024-10-30T00:30:31
================================================================================
[2024-10-30T00:31:18.009+0000] {manager.py:758} INFO - Searching for files in /opt/airflow/dags
[2024-10-30T00:31:18.012+0000] {manager.py:761} INFO - There are 1 files in /opt/airflow/dags
[2024-10-30T00:31:25.059+0000] {manager.py:889} INFO - 
================================================================================
DAG File Processing Stats

File Path                                 PID    Runtime      # DAGs    # Errors  Last Runtime    Last Run
----------------------------------------  -----  ---------  --------  ----------  --------------  -------------------
/opt/airflow/dags/sumo_simulation_dag.py                           1           0  0.22s           2024-10-30T00:31:02
================================================================================
[2024-10-30T00:31:55.318+0000] {manager.py:889} INFO - 
================================================================================
DAG File Processing Stats

File Path                                 PID    Runtime      # DAGs    # Errors  Last Runtime    Last Run
----------------------------------------  -----  ---------  --------  ----------  --------------  -------------------
/opt/airflow/dags/sumo_simulation_dag.py                           1           0  0.24s           2024-10-30T00:31:32
================================================================================
[2024-10-30T00:32:25.600+0000] {manager.py:889} INFO - 
================================================================================
DAG File Processing Stats

File Path                                 PID    Runtime      # DAGs    # Errors  Last Runtime    Last Run
----------------------------------------  -----  ---------  --------  ----------  --------------  -------------------
/opt/airflow/dags/sumo_simulation_dag.py                           1           0  0.19s           2024-10-30T00:32:02
================================================================================
[2024-10-30T00:32:55.786+0000] {manager.py:889} INFO - 
================================================================================
DAG File Processing Stats

File Path                                 PID    Runtime      # DAGs    # Errors  Last Runtime    Last Run
----------------------------------------  -----  ---------  --------  ----------  --------------  -------------------
/opt/airflow/dags/sumo_simulation_dag.py                           1           0  0.13s           2024-10-30T00:32:32
================================================================================
[2024-10-30T00:33:26.045+0000] {manager.py:889} INFO - 
================================================================================
DAG File Processing Stats

File Path                                 PID    Runtime      # DAGs    # Errors  Last Runtime    Last Run
----------------------------------------  -----  ---------  --------  ----------  --------------  -------------------
/opt/airflow/dags/sumo_simulation_dag.py                           1           0  0.25s           2024-10-30T00:33:03
================================================================================
[2024-10-30T00:33:56.343+0000] {manager.py:889} INFO - 
================================================================================
DAG File Processing Stats

File Path                                 PID    Runtime      # DAGs    # Errors  Last Runtime    Last Run
----------------------------------------  -----  ---------  --------  ----------  --------------  -------------------
/opt/airflow/dags/sumo_simulation_dag.py                           1           0  0.20s           2024-10-30T00:33:33
================================================================================
[2024-10-30T00:34:26.582+0000] {manager.py:889} INFO - 
================================================================================
DAG File Processing Stats

File Path                                 PID    Runtime      # DAGs    # Errors  Last Runtime    Last Run
----------------------------------------  -----  ---------  --------  ----------  --------------  -------------------
/opt/airflow/dags/sumo_simulation_dag.py                           1           0  0.14s           2024-10-30T00:34:03
================================================================================
[2024-10-30T00:34:56.818+0000] {manager.py:889} INFO - 
================================================================================
DAG File Processing Stats

File Path                                 PID    Runtime      # DAGs    # Errors  Last Runtime    Last Run
----------------------------------------  -----  ---------  --------  ----------  --------------  -------------------
/opt/airflow/dags/sumo_simulation_dag.py                           1           0  0.13s           2024-10-30T00:34:33
================================================================================
[2024-10-30T00:35:27.057+0000] {manager.py:889} INFO - 
================================================================================
DAG File Processing Stats

File Path                                 PID    Runtime      # DAGs    # Errors  Last Runtime    Last Run
----------------------------------------  -----  ---------  --------  ----------  --------------  -------------------
/opt/airflow/dags/sumo_simulation_dag.py                           1           0  0.12s           2024-10-30T00:35:03
================================================================================
[2024-10-30T00:35:57.236+0000] {manager.py:889} INFO - 
================================================================================
DAG File Processing Stats

File Path                                 PID    Runtime      # DAGs    # Errors  Last Runtime    Last Run
----------------------------------------  -----  ---------  --------  ----------  --------------  -------------------
/opt/airflow/dags/sumo_simulation_dag.py                           1           0  0.12s           2024-10-30T00:35:34
================================================================================
[2024-10-30T00:36:18.442+0000] {manager.py:758} INFO - Searching for files in /opt/airflow/dags
[2024-10-30T00:36:18.451+0000] {manager.py:761} INFO - There are 1 files in /opt/airflow/dags
[2024-10-30T00:36:27.525+0000] {manager.py:889} INFO - 
================================================================================
DAG File Processing Stats

File Path                                 PID    Runtime      # DAGs    # Errors  Last Runtime    Last Run
----------------------------------------  -----  ---------  --------  ----------  --------------  -------------------
/opt/airflow/dags/sumo_simulation_dag.py                           1           0  0.21s           2024-10-30T00:36:04
================================================================================
[2024-10-30T00:36:57.860+0000] {manager.py:889} INFO - 
================================================================================
DAG File Processing Stats

File Path                                 PID    Runtime      # DAGs    # Errors  Last Runtime    Last Run
----------------------------------------  -----  ---------  --------  ----------  --------------  -------------------
/opt/airflow/dags/sumo_simulation_dag.py                           1           0  0.13s           2024-10-30T00:36:34
================================================================================
[2024-10-30T00:37:28.275+0000] {manager.py:889} INFO - 
================================================================================
DAG File Processing Stats

File Path                                 PID    Runtime      # DAGs    # Errors  Last Runtime    Last Run
----------------------------------------  -----  ---------  --------  ----------  --------------  -------------------
/opt/airflow/dags/sumo_simulation_dag.py                           1           0  0.23s           2024-10-30T00:37:14
================================================================================
[2024-10-30T00:37:58.432+0000] {manager.py:889} INFO - 
================================================================================
DAG File Processing Stats

File Path                                 PID    Runtime      # DAGs    # Errors  Last Runtime    Last Run
----------------------------------------  -----  ---------  --------  ----------  --------------  -------------------
/opt/airflow/dags/sumo_simulation_dag.py                           1           0  0.12s           2024-10-30T00:37:44
================================================================================
[2024-10-30T00:38:21.363+0000] {manager.py:470} INFO - Exiting gracefully upon receiving signal 15
[2024-10-30T00:38:53.178+0000] {manager.py:487} INFO - Processing files using up to 2 processes at a time 
[2024-10-30T00:38:53.179+0000] {manager.py:488} INFO - Process each file at most once every 30 seconds
[2024-10-30T00:38:53.183+0000] {manager.py:490} INFO - Checking for new files in /opt/airflow/dags every 300 seconds
[2024-10-30T00:38:53.185+0000] {manager.py:758} INFO - Searching for files in /opt/airflow/dags
[2024-10-30T00:38:53.194+0000] {manager.py:761} INFO - There are 1 files in /opt/airflow/dags
[2024-10-30T00:38:53.427+0000] {manager.py:889} INFO - 
================================================================================
DAG File Processing Stats

File Path                                   PID  Runtime      # DAGs    # Errors  Last Runtime    Last Run
----------------------------------------  -----  ---------  --------  ----------  --------------  ----------
/opt/airflow/dags/sumo_simulation_dag.py    162  0.11s             0           0
================================================================================
[2024-10-30T00:39:23.612+0000] {manager.py:889} INFO - 
================================================================================
DAG File Processing Stats

File Path                                 PID    Runtime      # DAGs    # Errors  Last Runtime    Last Run
----------------------------------------  -----  ---------  --------  ----------  --------------  -------------------
/opt/airflow/dags/sumo_simulation_dag.py                           1           0  0.49s           2024-10-30T00:38:53
================================================================================
[2024-10-30T00:39:54.139+0000] {manager.py:889} INFO - 
================================================================================
DAG File Processing Stats

File Path                                   PID  Runtime      # DAGs    # Errors  Last Runtime    Last Run
----------------------------------------  -----  ---------  --------  ----------  --------------  -------------------
/opt/airflow/dags/sumo_simulation_dag.py    173  0.00s             1           0  0.09s           2024-10-30T00:39:24
================================================================================
[2024-10-30T00:40:24.354+0000] {manager.py:889} INFO - 
================================================================================
DAG File Processing Stats

File Path                                   PID  Runtime      # DAGs    # Errors  Last Runtime    Last Run
----------------------------------------  -----  ---------  --------  ----------  --------------  -------------------
/opt/airflow/dags/sumo_simulation_dag.py    178  0.00s             1           0  0.12s           2024-10-30T00:39:54
================================================================================
[2024-10-30T00:40:54.535+0000] {manager.py:889} INFO - 
================================================================================
DAG File Processing Stats

File Path                                   PID  Runtime      # DAGs    # Errors  Last Runtime    Last Run
----------------------------------------  -----  ---------  --------  ----------  --------------  -------------------
/opt/airflow/dags/sumo_simulation_dag.py    183  0.00s             1           0  0.11s           2024-10-30T00:40:24
================================================================================
[2024-10-30T00:41:24.807+0000] {manager.py:889} INFO - 
================================================================================
DAG File Processing Stats

File Path                                   PID  Runtime      # DAGs    # Errors  Last Runtime    Last Run
----------------------------------------  -----  ---------  --------  ----------  --------------  -------------------
/opt/airflow/dags/sumo_simulation_dag.py    200  0.00s             1           0  0.08s           2024-10-30T00:40:54
================================================================================
[2024-10-30T00:41:55.007+0000] {manager.py:889} INFO - 
================================================================================
DAG File Processing Stats

File Path                                   PID  Runtime      # DAGs    # Errors  Last Runtime    Last Run
----------------------------------------  -----  ---------  --------  ----------  --------------  -------------------
/opt/airflow/dags/sumo_simulation_dag.py    205  0.00s             1           0  0.12s           2024-10-30T00:41:24
================================================================================
[2024-10-30T00:42:25.254+0000] {manager.py:889} INFO - 
================================================================================
DAG File Processing Stats

File Path                                   PID  Runtime      # DAGs    # Errors  Last Runtime    Last Run
----------------------------------------  -----  ---------  --------  ----------  --------------  -------------------
/opt/airflow/dags/sumo_simulation_dag.py    210  0.00s             1           0  0.23s           2024-10-30T00:41:55
================================================================================
[2024-10-30T00:42:55.488+0000] {manager.py:889} INFO - 
================================================================================
DAG File Processing Stats

File Path                                   PID  Runtime      # DAGs    # Errors  Last Runtime    Last Run
----------------------------------------  -----  ---------  --------  ----------  --------------  -------------------
/opt/airflow/dags/sumo_simulation_dag.py    215  0.01s             1           0  0.19s           2024-10-30T00:42:25
================================================================================
[2024-10-30T00:43:25.804+0000] {manager.py:889} INFO - 
================================================================================
DAG File Processing Stats

File Path                                   PID  Runtime      # DAGs    # Errors  Last Runtime    Last Run
----------------------------------------  -----  ---------  --------  ----------  --------------  -------------------
/opt/airflow/dags/sumo_simulation_dag.py    220  0.02s             1           0  0.20s           2024-10-30T00:42:55
================================================================================
[2024-10-30T00:43:30.679+0000] {manager.py:470} INFO - Exiting gracefully upon receiving signal 15
[2024-10-30T00:44:06.901+0000] {manager.py:487} INFO - Processing files using up to 2 processes at a time 
[2024-10-30T00:44:06.902+0000] {manager.py:488} INFO - Process each file at most once every 30 seconds
[2024-10-30T00:44:06.904+0000] {manager.py:490} INFO - Checking for new files in /opt/airflow/dags every 300 seconds
[2024-10-30T00:44:06.906+0000] {manager.py:758} INFO - Searching for files in /opt/airflow/dags
[2024-10-30T00:44:06.927+0000] {manager.py:761} INFO - There are 1 files in /opt/airflow/dags
[2024-10-30T00:44:07.430+0000] {manager.py:889} INFO - 
================================================================================
DAG File Processing Stats

File Path                                   PID  Runtime      # DAGs    # Errors  Last Runtime    Last Run
----------------------------------------  -----  ---------  --------  ----------  --------------  ----------
/opt/airflow/dags/sumo_simulation_dag.py    162  0.27s             0           0
================================================================================
[2024-10-30T00:44:38.297+0000] {manager.py:889} INFO - 
================================================================================
DAG File Processing Stats

File Path                                   PID  Runtime      # DAGs    # Errors  Last Runtime    Last Run
----------------------------------------  -----  ---------  --------  ----------  --------------  -------------------
/opt/airflow/dags/sumo_simulation_dag.py    168  0.00s             1           0  1.06s           2024-10-30T00:44:08
================================================================================
[2024-10-30T00:45:08.459+0000] {manager.py:889} INFO - 
================================================================================
DAG File Processing Stats

File Path                                   PID  Runtime      # DAGs    # Errors  Last Runtime    Last Run
----------------------------------------  -----  ---------  --------  ----------  --------------  -------------------
/opt/airflow/dags/sumo_simulation_dag.py    173  0.00s             1           0  0.12s           2024-10-30T00:44:38
================================================================================
[2024-10-30T00:45:38.719+0000] {manager.py:889} INFO - 
================================================================================
DAG File Processing Stats

File Path                                   PID  Runtime      # DAGs    # Errors  Last Runtime    Last Run
----------------------------------------  -----  ---------  --------  ----------  --------------  -------------------
/opt/airflow/dags/sumo_simulation_dag.py    178  0.01s             1           0  0.11s           2024-10-30T00:45:08
================================================================================
[2024-10-30T00:46:08.915+0000] {manager.py:889} INFO - 
================================================================================
DAG File Processing Stats

File Path                                 PID    Runtime      # DAGs    # Errors  Last Runtime    Last Run
----------------------------------------  -----  ---------  --------  ----------  --------------  -------------------
/opt/airflow/dags/sumo_simulation_dag.py                           1           0  0.22s           2024-10-30T00:45:38
================================================================================
[2024-10-30T00:46:39.245+0000] {manager.py:889} INFO - 
================================================================================
DAG File Processing Stats

File Path                                 PID    Runtime      # DAGs    # Errors  Last Runtime    Last Run
----------------------------------------  -----  ---------  --------  ----------  --------------  -------------------
/opt/airflow/dags/sumo_simulation_dag.py                           1           0  0.25s           2024-10-30T00:46:09
================================================================================
[2024-10-30T00:47:09.697+0000] {manager.py:889} INFO - 
================================================================================
DAG File Processing Stats

File Path                                   PID  Runtime      # DAGs    # Errors  Last Runtime    Last Run
----------------------------------------  -----  ---------  --------  ----------  --------------  -------------------
/opt/airflow/dags/sumo_simulation_dag.py    193  0.00s             1           0  0.10s           2024-10-30T00:46:39
================================================================================
[2024-10-30T00:47:23.931+0000] {manager.py:470} INFO - Exiting gracefully upon receiving signal 15
