[2024-10-29T23:47:53.896+0000] {processor.py:156} INFO - Started process (PID=162) to work on /opt/airflow/dags/sumo_simulation_dag.py
[2024-10-29T23:47:53.903+0000] {processor.py:799} INFO - Processing file /opt/airflow/dags/sumo_simulation_dag.py for tasks to queue
[2024-10-29T23:47:53.908+0000] {logging_mixin.py:149} INFO - [2024-10-29T23:47:53.907+0000] {dagbag.py:541} INFO - Filling up the DagBag from /opt/airflow/dags/sumo_simulation_dag.py
[2024-10-29T23:47:53.999+0000] {processor.py:809} INFO - DAG(s) dict_keys(['sumo_simulation_dag_v2']) retrieved from /opt/airflow/dags/sumo_simulation_dag.py
[2024-10-29T23:47:54.748+0000] {logging_mixin.py:149} INFO - [2024-10-29T23:47:54.748+0000] {manager.py:504} INFO - Created Permission View: can delete on DAG:sumo_simulation_dag_v2
[2024-10-29T23:47:54.777+0000] {logging_mixin.py:149} INFO - [2024-10-29T23:47:54.776+0000] {manager.py:504} INFO - Created Permission View: can edit on DAG:sumo_simulation_dag_v2
[2024-10-29T23:47:54.799+0000] {logging_mixin.py:149} INFO - [2024-10-29T23:47:54.798+0000] {manager.py:504} INFO - Created Permission View: can read on DAG:sumo_simulation_dag_v2
[2024-10-29T23:47:54.800+0000] {logging_mixin.py:149} INFO - [2024-10-29T23:47:54.800+0000] {dag.py:2726} INFO - Sync 1 DAGs
[2024-10-29T23:47:54.841+0000] {logging_mixin.py:149} INFO - [2024-10-29T23:47:54.841+0000] {dag.py:2747} INFO - Creating ORM DAG for sumo_simulation_dag_v2
[2024-10-29T23:47:54.875+0000] {logging_mixin.py:149} INFO - [2024-10-29T23:47:54.875+0000] {dag.py:3490} INFO - Setting next_dagrun for sumo_simulation_dag_v2 to 2024-10-29T00:00:00+00:00, run_after=2024-10-30T00:00:00+00:00
[2024-10-29T23:47:54.934+0000] {processor.py:178} INFO - Processing /opt/airflow/dags/sumo_simulation_dag.py took 1.051 seconds
[2024-10-29T23:48:25.152+0000] {processor.py:156} INFO - Started process (PID=168) to work on /opt/airflow/dags/sumo_simulation_dag.py
[2024-10-29T23:48:25.153+0000] {processor.py:799} INFO - Processing file /opt/airflow/dags/sumo_simulation_dag.py for tasks to queue
[2024-10-29T23:48:25.154+0000] {logging_mixin.py:149} INFO - [2024-10-29T23:48:25.154+0000] {dagbag.py:541} INFO - Filling up the DagBag from /opt/airflow/dags/sumo_simulation_dag.py
[2024-10-29T23:48:25.169+0000] {processor.py:809} INFO - DAG(s) dict_keys(['sumo_simulation_dag_v2']) retrieved from /opt/airflow/dags/sumo_simulation_dag.py
[2024-10-29T23:48:25.206+0000] {logging_mixin.py:149} INFO - [2024-10-29T23:48:25.206+0000] {dag.py:2726} INFO - Sync 1 DAGs
[2024-10-29T23:48:25.245+0000] {logging_mixin.py:149} INFO - [2024-10-29T23:48:25.245+0000] {dag.py:3490} INFO - Setting next_dagrun for sumo_simulation_dag_v2 to 2024-10-29T00:00:00+00:00, run_after=2024-10-30T00:00:00+00:00
[2024-10-29T23:48:25.272+0000] {processor.py:178} INFO - Processing /opt/airflow/dags/sumo_simulation_dag.py took 0.125 seconds
[2024-10-29T23:48:55.408+0000] {processor.py:156} INFO - Started process (PID=173) to work on /opt/airflow/dags/sumo_simulation_dag.py
[2024-10-29T23:48:55.410+0000] {processor.py:799} INFO - Processing file /opt/airflow/dags/sumo_simulation_dag.py for tasks to queue
[2024-10-29T23:48:55.412+0000] {logging_mixin.py:149} INFO - [2024-10-29T23:48:55.411+0000] {dagbag.py:541} INFO - Filling up the DagBag from /opt/airflow/dags/sumo_simulation_dag.py
[2024-10-29T23:48:55.439+0000] {processor.py:809} INFO - DAG(s) dict_keys(['sumo_simulation_dag_v2']) retrieved from /opt/airflow/dags/sumo_simulation_dag.py
[2024-10-29T23:48:55.498+0000] {logging_mixin.py:149} INFO - [2024-10-29T23:48:55.497+0000] {dag.py:2726} INFO - Sync 1 DAGs
[2024-10-29T23:48:55.553+0000] {logging_mixin.py:149} INFO - [2024-10-29T23:48:55.553+0000] {dag.py:3490} INFO - Setting next_dagrun for sumo_simulation_dag_v2 to 2024-10-29T00:00:00+00:00, run_after=2024-10-30T00:00:00+00:00
[2024-10-29T23:48:55.595+0000] {processor.py:178} INFO - Processing /opt/airflow/dags/sumo_simulation_dag.py took 0.195 seconds
[2024-10-29T23:49:25.808+0000] {processor.py:156} INFO - Started process (PID=178) to work on /opt/airflow/dags/sumo_simulation_dag.py
[2024-10-29T23:49:25.812+0000] {processor.py:799} INFO - Processing file /opt/airflow/dags/sumo_simulation_dag.py for tasks to queue
[2024-10-29T23:49:25.815+0000] {logging_mixin.py:149} INFO - [2024-10-29T23:49:25.815+0000] {dagbag.py:541} INFO - Filling up the DagBag from /opt/airflow/dags/sumo_simulation_dag.py
[2024-10-29T23:49:25.864+0000] {processor.py:809} INFO - DAG(s) dict_keys(['sumo_simulation_dag_v2']) retrieved from /opt/airflow/dags/sumo_simulation_dag.py
[2024-10-29T23:49:25.970+0000] {logging_mixin.py:149} INFO - [2024-10-29T23:49:25.969+0000] {dag.py:2726} INFO - Sync 1 DAGs
[2024-10-29T23:49:26.187+0000] {logging_mixin.py:149} INFO - [2024-10-29T23:49:26.184+0000] {dag.py:3490} INFO - Setting next_dagrun for sumo_simulation_dag_v2 to 2024-10-29T00:00:00+00:00, run_after=2024-10-30T00:00:00+00:00
[2024-10-29T23:49:26.437+0000] {processor.py:178} INFO - Processing /opt/airflow/dags/sumo_simulation_dag.py took 0.643 seconds
[2024-10-29T23:49:56.684+0000] {processor.py:156} INFO - Started process (PID=183) to work on /opt/airflow/dags/sumo_simulation_dag.py
[2024-10-29T23:49:56.686+0000] {processor.py:799} INFO - Processing file /opt/airflow/dags/sumo_simulation_dag.py for tasks to queue
[2024-10-29T23:49:56.689+0000] {logging_mixin.py:149} INFO - [2024-10-29T23:49:56.688+0000] {dagbag.py:541} INFO - Filling up the DagBag from /opt/airflow/dags/sumo_simulation_dag.py
[2024-10-29T23:49:56.721+0000] {processor.py:809} INFO - DAG(s) dict_keys(['sumo_simulation_dag_v2']) retrieved from /opt/airflow/dags/sumo_simulation_dag.py
[2024-10-29T23:49:56.785+0000] {logging_mixin.py:149} INFO - [2024-10-29T23:49:56.784+0000] {dag.py:2726} INFO - Sync 1 DAGs
[2024-10-29T23:49:56.841+0000] {logging_mixin.py:149} INFO - [2024-10-29T23:49:56.841+0000] {dag.py:3490} INFO - Setting next_dagrun for sumo_simulation_dag_v2 to 2024-10-29T00:00:00+00:00, run_after=2024-10-30T00:00:00+00:00
[2024-10-29T23:49:56.881+0000] {processor.py:178} INFO - Processing /opt/airflow/dags/sumo_simulation_dag.py took 0.205 seconds
[2024-10-29T23:50:27.084+0000] {processor.py:156} INFO - Started process (PID=188) to work on /opt/airflow/dags/sumo_simulation_dag.py
[2024-10-29T23:50:27.086+0000] {processor.py:799} INFO - Processing file /opt/airflow/dags/sumo_simulation_dag.py for tasks to queue
[2024-10-29T23:50:27.089+0000] {logging_mixin.py:149} INFO - [2024-10-29T23:50:27.088+0000] {dagbag.py:541} INFO - Filling up the DagBag from /opt/airflow/dags/sumo_simulation_dag.py
[2024-10-29T23:50:27.117+0000] {processor.py:809} INFO - DAG(s) dict_keys(['sumo_simulation_dag_v2']) retrieved from /opt/airflow/dags/sumo_simulation_dag.py
[2024-10-29T23:50:27.184+0000] {logging_mixin.py:149} INFO - [2024-10-29T23:50:27.184+0000] {dag.py:2726} INFO - Sync 1 DAGs
[2024-10-29T23:50:27.241+0000] {logging_mixin.py:149} INFO - [2024-10-29T23:50:27.241+0000] {dag.py:3490} INFO - Setting next_dagrun for sumo_simulation_dag_v2 to 2024-10-29T00:00:00+00:00, run_after=2024-10-30T00:00:00+00:00
[2024-10-29T23:50:27.283+0000] {processor.py:178} INFO - Processing /opt/airflow/dags/sumo_simulation_dag.py took 0.207 seconds
[2024-10-29T23:50:57.478+0000] {processor.py:156} INFO - Started process (PID=193) to work on /opt/airflow/dags/sumo_simulation_dag.py
[2024-10-29T23:50:57.479+0000] {processor.py:799} INFO - Processing file /opt/airflow/dags/sumo_simulation_dag.py for tasks to queue
[2024-10-29T23:50:57.481+0000] {logging_mixin.py:149} INFO - [2024-10-29T23:50:57.481+0000] {dagbag.py:541} INFO - Filling up the DagBag from /opt/airflow/dags/sumo_simulation_dag.py
[2024-10-29T23:50:57.505+0000] {processor.py:809} INFO - DAG(s) dict_keys(['sumo_simulation_dag_v2']) retrieved from /opt/airflow/dags/sumo_simulation_dag.py
[2024-10-29T23:50:57.561+0000] {logging_mixin.py:149} INFO - [2024-10-29T23:50:57.561+0000] {dag.py:2726} INFO - Sync 1 DAGs
[2024-10-29T23:50:57.607+0000] {logging_mixin.py:149} INFO - [2024-10-29T23:50:57.607+0000] {dag.py:3490} INFO - Setting next_dagrun for sumo_simulation_dag_v2 to 2024-10-29T00:00:00+00:00, run_after=2024-10-30T00:00:00+00:00
[2024-10-29T23:50:57.825+0000] {processor.py:178} INFO - Processing /opt/airflow/dags/sumo_simulation_dag.py took 0.354 seconds
[2024-10-29T23:51:28.044+0000] {processor.py:156} INFO - Started process (PID=198) to work on /opt/airflow/dags/sumo_simulation_dag.py
[2024-10-29T23:51:28.046+0000] {processor.py:799} INFO - Processing file /opt/airflow/dags/sumo_simulation_dag.py for tasks to queue
[2024-10-29T23:51:28.048+0000] {logging_mixin.py:149} INFO - [2024-10-29T23:51:28.047+0000] {dagbag.py:541} INFO - Filling up the DagBag from /opt/airflow/dags/sumo_simulation_dag.py
[2024-10-29T23:51:28.072+0000] {processor.py:809} INFO - DAG(s) dict_keys(['sumo_simulation_dag_v2']) retrieved from /opt/airflow/dags/sumo_simulation_dag.py
[2024-10-29T23:51:28.128+0000] {logging_mixin.py:149} INFO - [2024-10-29T23:51:28.128+0000] {dag.py:2726} INFO - Sync 1 DAGs
[2024-10-29T23:51:28.332+0000] {logging_mixin.py:149} INFO - [2024-10-29T23:51:28.332+0000] {dag.py:3490} INFO - Setting next_dagrun for sumo_simulation_dag_v2 to 2024-10-29T00:00:00+00:00, run_after=2024-10-30T00:00:00+00:00
[2024-10-29T23:51:28.364+0000] {processor.py:178} INFO - Processing /opt/airflow/dags/sumo_simulation_dag.py took 0.328 seconds
[2024-10-29T23:51:58.549+0000] {processor.py:156} INFO - Started process (PID=203) to work on /opt/airflow/dags/sumo_simulation_dag.py
[2024-10-29T23:51:58.551+0000] {processor.py:799} INFO - Processing file /opt/airflow/dags/sumo_simulation_dag.py for tasks to queue
[2024-10-29T23:51:58.553+0000] {logging_mixin.py:149} INFO - [2024-10-29T23:51:58.553+0000] {dagbag.py:541} INFO - Filling up the DagBag from /opt/airflow/dags/sumo_simulation_dag.py
[2024-10-29T23:51:58.581+0000] {processor.py:809} INFO - DAG(s) dict_keys(['sumo_simulation_dag_v2']) retrieved from /opt/airflow/dags/sumo_simulation_dag.py
[2024-10-29T23:51:58.646+0000] {logging_mixin.py:149} INFO - [2024-10-29T23:51:58.646+0000] {dag.py:2726} INFO - Sync 1 DAGs
[2024-10-29T23:51:58.884+0000] {logging_mixin.py:149} INFO - [2024-10-29T23:51:58.884+0000] {dag.py:3490} INFO - Setting next_dagrun for sumo_simulation_dag_v2 to 2024-10-29T00:00:00+00:00, run_after=2024-10-30T00:00:00+00:00
[2024-10-29T23:51:58.925+0000] {processor.py:178} INFO - Processing /opt/airflow/dags/sumo_simulation_dag.py took 0.384 seconds
[2024-10-29T23:52:29.114+0000] {processor.py:156} INFO - Started process (PID=208) to work on /opt/airflow/dags/sumo_simulation_dag.py
[2024-10-29T23:52:29.116+0000] {processor.py:799} INFO - Processing file /opt/airflow/dags/sumo_simulation_dag.py for tasks to queue
[2024-10-29T23:52:29.117+0000] {logging_mixin.py:149} INFO - [2024-10-29T23:52:29.117+0000] {dagbag.py:541} INFO - Filling up the DagBag from /opt/airflow/dags/sumo_simulation_dag.py
[2024-10-29T23:52:29.139+0000] {processor.py:809} INFO - DAG(s) dict_keys(['sumo_simulation_dag_v2']) retrieved from /opt/airflow/dags/sumo_simulation_dag.py
[2024-10-29T23:52:29.311+0000] {logging_mixin.py:149} INFO - [2024-10-29T23:52:29.311+0000] {dag.py:2726} INFO - Sync 1 DAGs
[2024-10-29T23:52:29.344+0000] {logging_mixin.py:149} INFO - [2024-10-29T23:52:29.344+0000] {dag.py:3490} INFO - Setting next_dagrun for sumo_simulation_dag_v2 to 2024-10-29T00:00:00+00:00, run_after=2024-10-30T00:00:00+00:00
[2024-10-29T23:52:29.371+0000] {processor.py:178} INFO - Processing /opt/airflow/dags/sumo_simulation_dag.py took 0.261 seconds
[2024-10-29T23:52:59.537+0000] {processor.py:156} INFO - Started process (PID=213) to work on /opt/airflow/dags/sumo_simulation_dag.py
[2024-10-29T23:52:59.538+0000] {processor.py:799} INFO - Processing file /opt/airflow/dags/sumo_simulation_dag.py for tasks to queue
[2024-10-29T23:52:59.540+0000] {logging_mixin.py:149} INFO - [2024-10-29T23:52:59.539+0000] {dagbag.py:541} INFO - Filling up the DagBag from /opt/airflow/dags/sumo_simulation_dag.py
[2024-10-29T23:52:59.557+0000] {processor.py:809} INFO - DAG(s) dict_keys(['sumo_simulation_dag_v2']) retrieved from /opt/airflow/dags/sumo_simulation_dag.py
[2024-10-29T23:52:59.739+0000] {logging_mixin.py:149} INFO - [2024-10-29T23:52:59.739+0000] {dag.py:2726} INFO - Sync 1 DAGs
[2024-10-29T23:52:59.773+0000] {logging_mixin.py:149} INFO - [2024-10-29T23:52:59.772+0000] {dag.py:3490} INFO - Setting next_dagrun for sumo_simulation_dag_v2 to 2024-10-29T00:00:00+00:00, run_after=2024-10-30T00:00:00+00:00
[2024-10-29T23:52:59.799+0000] {processor.py:178} INFO - Processing /opt/airflow/dags/sumo_simulation_dag.py took 0.267 seconds
[2024-10-29T23:53:30.078+0000] {processor.py:156} INFO - Started process (PID=218) to work on /opt/airflow/dags/sumo_simulation_dag.py
[2024-10-29T23:53:30.079+0000] {processor.py:799} INFO - Processing file /opt/airflow/dags/sumo_simulation_dag.py for tasks to queue
[2024-10-29T23:53:30.081+0000] {logging_mixin.py:149} INFO - [2024-10-29T23:53:30.080+0000] {dagbag.py:541} INFO - Filling up the DagBag from /opt/airflow/dags/sumo_simulation_dag.py
[2024-10-29T23:53:30.096+0000] {processor.py:809} INFO - DAG(s) dict_keys(['sumo_simulation_dag_v2']) retrieved from /opt/airflow/dags/sumo_simulation_dag.py
[2024-10-29T23:53:30.132+0000] {logging_mixin.py:149} INFO - [2024-10-29T23:53:30.132+0000] {dag.py:2726} INFO - Sync 1 DAGs
[2024-10-29T23:53:30.163+0000] {logging_mixin.py:149} INFO - [2024-10-29T23:53:30.163+0000] {dag.py:3490} INFO - Setting next_dagrun for sumo_simulation_dag_v2 to 2024-10-29T00:00:00+00:00, run_after=2024-10-30T00:00:00+00:00
[2024-10-29T23:53:30.186+0000] {processor.py:178} INFO - Processing /opt/airflow/dags/sumo_simulation_dag.py took 0.112 seconds
[2024-10-29T23:54:00.232+0000] {processor.py:156} INFO - Started process (PID=223) to work on /opt/airflow/dags/sumo_simulation_dag.py
[2024-10-29T23:54:00.234+0000] {processor.py:799} INFO - Processing file /opt/airflow/dags/sumo_simulation_dag.py for tasks to queue
[2024-10-29T23:54:00.235+0000] {logging_mixin.py:149} INFO - [2024-10-29T23:54:00.234+0000] {dagbag.py:541} INFO - Filling up the DagBag from /opt/airflow/dags/sumo_simulation_dag.py
[2024-10-29T23:54:00.254+0000] {processor.py:809} INFO - DAG(s) dict_keys(['sumo_simulation_dag_v2']) retrieved from /opt/airflow/dags/sumo_simulation_dag.py
[2024-10-29T23:54:00.296+0000] {logging_mixin.py:149} INFO - [2024-10-29T23:54:00.296+0000] {dag.py:2726} INFO - Sync 1 DAGs
[2024-10-29T23:54:00.330+0000] {logging_mixin.py:149} INFO - [2024-10-29T23:54:00.330+0000] {dag.py:3490} INFO - Setting next_dagrun for sumo_simulation_dag_v2 to 2024-10-29T00:00:00+00:00, run_after=2024-10-30T00:00:00+00:00
[2024-10-29T23:54:00.355+0000] {processor.py:178} INFO - Processing /opt/airflow/dags/sumo_simulation_dag.py took 0.127 seconds
[2024-10-29T23:54:30.494+0000] {processor.py:156} INFO - Started process (PID=228) to work on /opt/airflow/dags/sumo_simulation_dag.py
[2024-10-29T23:54:30.495+0000] {processor.py:799} INFO - Processing file /opt/airflow/dags/sumo_simulation_dag.py for tasks to queue
[2024-10-29T23:54:30.496+0000] {logging_mixin.py:149} INFO - [2024-10-29T23:54:30.496+0000] {dagbag.py:541} INFO - Filling up the DagBag from /opt/airflow/dags/sumo_simulation_dag.py
[2024-10-29T23:54:30.511+0000] {processor.py:809} INFO - DAG(s) dict_keys(['sumo_simulation_dag_v2']) retrieved from /opt/airflow/dags/sumo_simulation_dag.py
[2024-10-29T23:54:30.548+0000] {logging_mixin.py:149} INFO - [2024-10-29T23:54:30.548+0000] {dag.py:2726} INFO - Sync 1 DAGs
[2024-10-29T23:54:30.577+0000] {logging_mixin.py:149} INFO - [2024-10-29T23:54:30.577+0000] {dag.py:3490} INFO - Setting next_dagrun for sumo_simulation_dag_v2 to 2024-10-29T00:00:00+00:00, run_after=2024-10-30T00:00:00+00:00
[2024-10-29T23:54:30.598+0000] {processor.py:178} INFO - Processing /opt/airflow/dags/sumo_simulation_dag.py took 0.107 seconds
[2024-10-29T23:55:00.680+0000] {processor.py:156} INFO - Started process (PID=233) to work on /opt/airflow/dags/sumo_simulation_dag.py
[2024-10-29T23:55:00.681+0000] {processor.py:799} INFO - Processing file /opt/airflow/dags/sumo_simulation_dag.py for tasks to queue
[2024-10-29T23:55:00.682+0000] {logging_mixin.py:149} INFO - [2024-10-29T23:55:00.682+0000] {dagbag.py:541} INFO - Filling up the DagBag from /opt/airflow/dags/sumo_simulation_dag.py
[2024-10-29T23:55:00.698+0000] {processor.py:809} INFO - DAG(s) dict_keys(['sumo_simulation_dag_v2']) retrieved from /opt/airflow/dags/sumo_simulation_dag.py
[2024-10-29T23:55:00.740+0000] {logging_mixin.py:149} INFO - [2024-10-29T23:55:00.740+0000] {dag.py:2726} INFO - Sync 1 DAGs
[2024-10-29T23:55:00.771+0000] {logging_mixin.py:149} INFO - [2024-10-29T23:55:00.771+0000] {dag.py:3490} INFO - Setting next_dagrun for sumo_simulation_dag_v2 to 2024-10-29T00:00:00+00:00, run_after=2024-10-30T00:00:00+00:00
[2024-10-29T23:55:00.794+0000] {processor.py:178} INFO - Processing /opt/airflow/dags/sumo_simulation_dag.py took 0.118 seconds
[2024-10-29T23:55:30.907+0000] {processor.py:156} INFO - Started process (PID=238) to work on /opt/airflow/dags/sumo_simulation_dag.py
[2024-10-29T23:55:30.908+0000] {processor.py:799} INFO - Processing file /opt/airflow/dags/sumo_simulation_dag.py for tasks to queue
[2024-10-29T23:55:30.909+0000] {logging_mixin.py:149} INFO - [2024-10-29T23:55:30.909+0000] {dagbag.py:541} INFO - Filling up the DagBag from /opt/airflow/dags/sumo_simulation_dag.py
[2024-10-29T23:55:30.922+0000] {processor.py:809} INFO - DAG(s) dict_keys(['sumo_simulation_dag_v2']) retrieved from /opt/airflow/dags/sumo_simulation_dag.py
[2024-10-29T23:55:30.952+0000] {logging_mixin.py:149} INFO - [2024-10-29T23:55:30.952+0000] {dag.py:2726} INFO - Sync 1 DAGs
[2024-10-29T23:55:30.976+0000] {logging_mixin.py:149} INFO - [2024-10-29T23:55:30.976+0000] {dag.py:3490} INFO - Setting next_dagrun for sumo_simulation_dag_v2 to 2024-10-29T00:00:00+00:00, run_after=2024-10-30T00:00:00+00:00
[2024-10-29T23:55:30.997+0000] {processor.py:178} INFO - Processing /opt/airflow/dags/sumo_simulation_dag.py took 0.094 seconds
[2024-10-29T23:56:01.110+0000] {processor.py:156} INFO - Started process (PID=243) to work on /opt/airflow/dags/sumo_simulation_dag.py
[2024-10-29T23:56:01.111+0000] {processor.py:799} INFO - Processing file /opt/airflow/dags/sumo_simulation_dag.py for tasks to queue
[2024-10-29T23:56:01.112+0000] {logging_mixin.py:149} INFO - [2024-10-29T23:56:01.112+0000] {dagbag.py:541} INFO - Filling up the DagBag from /opt/airflow/dags/sumo_simulation_dag.py
[2024-10-29T23:56:01.127+0000] {processor.py:809} INFO - DAG(s) dict_keys(['sumo_simulation_dag_v2']) retrieved from /opt/airflow/dags/sumo_simulation_dag.py
[2024-10-29T23:56:01.165+0000] {logging_mixin.py:149} INFO - [2024-10-29T23:56:01.165+0000] {dag.py:2726} INFO - Sync 1 DAGs
[2024-10-29T23:56:01.195+0000] {logging_mixin.py:149} INFO - [2024-10-29T23:56:01.195+0000] {dag.py:3490} INFO - Setting next_dagrun for sumo_simulation_dag_v2 to 2024-10-29T00:00:00+00:00, run_after=2024-10-30T00:00:00+00:00
[2024-10-29T23:56:01.218+0000] {processor.py:178} INFO - Processing /opt/airflow/dags/sumo_simulation_dag.py took 0.113 seconds
[2024-10-29T23:56:31.310+0000] {processor.py:156} INFO - Started process (PID=248) to work on /opt/airflow/dags/sumo_simulation_dag.py
[2024-10-29T23:56:31.311+0000] {processor.py:799} INFO - Processing file /opt/airflow/dags/sumo_simulation_dag.py for tasks to queue
[2024-10-29T23:56:31.312+0000] {logging_mixin.py:149} INFO - [2024-10-29T23:56:31.312+0000] {dagbag.py:541} INFO - Filling up the DagBag from /opt/airflow/dags/sumo_simulation_dag.py
[2024-10-29T23:56:31.327+0000] {processor.py:809} INFO - DAG(s) dict_keys(['sumo_simulation_dag_v2']) retrieved from /opt/airflow/dags/sumo_simulation_dag.py
[2024-10-29T23:56:31.361+0000] {logging_mixin.py:149} INFO - [2024-10-29T23:56:31.361+0000] {dag.py:2726} INFO - Sync 1 DAGs
[2024-10-29T23:56:31.390+0000] {logging_mixin.py:149} INFO - [2024-10-29T23:56:31.390+0000] {dag.py:3490} INFO - Setting next_dagrun for sumo_simulation_dag_v2 to 2024-10-29T00:00:00+00:00, run_after=2024-10-30T00:00:00+00:00
[2024-10-29T23:56:31.417+0000] {processor.py:178} INFO - Processing /opt/airflow/dags/sumo_simulation_dag.py took 0.112 seconds
[2024-10-29T23:57:01.545+0000] {processor.py:156} INFO - Started process (PID=253) to work on /opt/airflow/dags/sumo_simulation_dag.py
[2024-10-29T23:57:01.546+0000] {processor.py:799} INFO - Processing file /opt/airflow/dags/sumo_simulation_dag.py for tasks to queue
[2024-10-29T23:57:01.548+0000] {logging_mixin.py:149} INFO - [2024-10-29T23:57:01.548+0000] {dagbag.py:541} INFO - Filling up the DagBag from /opt/airflow/dags/sumo_simulation_dag.py
[2024-10-29T23:57:01.562+0000] {processor.py:809} INFO - DAG(s) dict_keys(['sumo_simulation_dag_v2']) retrieved from /opt/airflow/dags/sumo_simulation_dag.py
[2024-10-29T23:57:01.595+0000] {logging_mixin.py:149} INFO - [2024-10-29T23:57:01.595+0000] {dag.py:2726} INFO - Sync 1 DAGs
[2024-10-29T23:57:01.624+0000] {logging_mixin.py:149} INFO - [2024-10-29T23:57:01.623+0000] {dag.py:3490} INFO - Setting next_dagrun for sumo_simulation_dag_v2 to 2024-10-29T00:00:00+00:00, run_after=2024-10-30T00:00:00+00:00
[2024-10-29T23:57:01.644+0000] {processor.py:178} INFO - Processing /opt/airflow/dags/sumo_simulation_dag.py took 0.105 seconds
[2024-10-29T23:57:31.732+0000] {processor.py:156} INFO - Started process (PID=258) to work on /opt/airflow/dags/sumo_simulation_dag.py
[2024-10-29T23:57:31.733+0000] {processor.py:799} INFO - Processing file /opt/airflow/dags/sumo_simulation_dag.py for tasks to queue
[2024-10-29T23:57:31.734+0000] {logging_mixin.py:149} INFO - [2024-10-29T23:57:31.734+0000] {dagbag.py:541} INFO - Filling up the DagBag from /opt/airflow/dags/sumo_simulation_dag.py
[2024-10-29T23:57:31.747+0000] {processor.py:809} INFO - DAG(s) dict_keys(['sumo_simulation_dag_v2']) retrieved from /opt/airflow/dags/sumo_simulation_dag.py
[2024-10-29T23:57:31.779+0000] {logging_mixin.py:149} INFO - [2024-10-29T23:57:31.778+0000] {dag.py:2726} INFO - Sync 1 DAGs
[2024-10-29T23:57:31.804+0000] {logging_mixin.py:149} INFO - [2024-10-29T23:57:31.804+0000] {dag.py:3490} INFO - Setting next_dagrun for sumo_simulation_dag_v2 to 2024-10-29T00:00:00+00:00, run_after=2024-10-30T00:00:00+00:00
[2024-10-29T23:57:31.827+0000] {processor.py:178} INFO - Processing /opt/airflow/dags/sumo_simulation_dag.py took 0.098 seconds
[2024-10-29T23:58:01.961+0000] {processor.py:156} INFO - Started process (PID=263) to work on /opt/airflow/dags/sumo_simulation_dag.py
[2024-10-29T23:58:01.962+0000] {processor.py:799} INFO - Processing file /opt/airflow/dags/sumo_simulation_dag.py for tasks to queue
[2024-10-29T23:58:01.963+0000] {logging_mixin.py:149} INFO - [2024-10-29T23:58:01.963+0000] {dagbag.py:541} INFO - Filling up the DagBag from /opt/airflow/dags/sumo_simulation_dag.py
[2024-10-29T23:58:01.978+0000] {processor.py:809} INFO - DAG(s) dict_keys(['sumo_simulation_dag_v2']) retrieved from /opt/airflow/dags/sumo_simulation_dag.py
[2024-10-29T23:58:02.009+0000] {logging_mixin.py:149} INFO - [2024-10-29T23:58:02.009+0000] {dag.py:2726} INFO - Sync 1 DAGs
[2024-10-29T23:58:02.035+0000] {logging_mixin.py:149} INFO - [2024-10-29T23:58:02.035+0000] {dag.py:3490} INFO - Setting next_dagrun for sumo_simulation_dag_v2 to 2024-10-29T00:00:00+00:00, run_after=2024-10-30T00:00:00+00:00
[2024-10-29T23:58:02.057+0000] {processor.py:178} INFO - Processing /opt/airflow/dags/sumo_simulation_dag.py took 0.100 seconds
[2024-10-29T23:58:32.134+0000] {processor.py:156} INFO - Started process (PID=268) to work on /opt/airflow/dags/sumo_simulation_dag.py
[2024-10-29T23:58:32.135+0000] {processor.py:799} INFO - Processing file /opt/airflow/dags/sumo_simulation_dag.py for tasks to queue
[2024-10-29T23:58:32.135+0000] {logging_mixin.py:149} INFO - [2024-10-29T23:58:32.135+0000] {dagbag.py:541} INFO - Filling up the DagBag from /opt/airflow/dags/sumo_simulation_dag.py
[2024-10-29T23:58:32.148+0000] {processor.py:809} INFO - DAG(s) dict_keys(['sumo_simulation_dag_v2']) retrieved from /opt/airflow/dags/sumo_simulation_dag.py
[2024-10-29T23:58:32.175+0000] {logging_mixin.py:149} INFO - [2024-10-29T23:58:32.174+0000] {dag.py:2726} INFO - Sync 1 DAGs
[2024-10-29T23:58:32.198+0000] {logging_mixin.py:149} INFO - [2024-10-29T23:58:32.198+0000] {dag.py:3490} INFO - Setting next_dagrun for sumo_simulation_dag_v2 to 2024-10-29T00:00:00+00:00, run_after=2024-10-30T00:00:00+00:00
[2024-10-29T23:58:32.216+0000] {processor.py:178} INFO - Processing /opt/airflow/dags/sumo_simulation_dag.py took 0.086 seconds
[2024-10-29T23:59:02.339+0000] {processor.py:156} INFO - Started process (PID=273) to work on /opt/airflow/dags/sumo_simulation_dag.py
[2024-10-29T23:59:02.340+0000] {processor.py:799} INFO - Processing file /opt/airflow/dags/sumo_simulation_dag.py for tasks to queue
[2024-10-29T23:59:02.340+0000] {logging_mixin.py:149} INFO - [2024-10-29T23:59:02.340+0000] {dagbag.py:541} INFO - Filling up the DagBag from /opt/airflow/dags/sumo_simulation_dag.py
[2024-10-29T23:59:02.353+0000] {processor.py:809} INFO - DAG(s) dict_keys(['sumo_simulation_dag_v2']) retrieved from /opt/airflow/dags/sumo_simulation_dag.py
[2024-10-29T23:59:02.381+0000] {logging_mixin.py:149} INFO - [2024-10-29T23:59:02.381+0000] {dag.py:2726} INFO - Sync 1 DAGs
[2024-10-29T23:59:02.405+0000] {logging_mixin.py:149} INFO - [2024-10-29T23:59:02.405+0000] {dag.py:3490} INFO - Setting next_dagrun for sumo_simulation_dag_v2 to 2024-10-29T00:00:00+00:00, run_after=2024-10-30T00:00:00+00:00
[2024-10-29T23:59:02.424+0000] {processor.py:178} INFO - Processing /opt/airflow/dags/sumo_simulation_dag.py took 0.088 seconds
[2024-10-29T23:59:32.478+0000] {processor.py:156} INFO - Started process (PID=278) to work on /opt/airflow/dags/sumo_simulation_dag.py
[2024-10-29T23:59:32.480+0000] {processor.py:799} INFO - Processing file /opt/airflow/dags/sumo_simulation_dag.py for tasks to queue
[2024-10-29T23:59:32.481+0000] {logging_mixin.py:149} INFO - [2024-10-29T23:59:32.480+0000] {dagbag.py:541} INFO - Filling up the DagBag from /opt/airflow/dags/sumo_simulation_dag.py
[2024-10-29T23:59:32.493+0000] {processor.py:809} INFO - DAG(s) dict_keys(['sumo_simulation_dag_v2']) retrieved from /opt/airflow/dags/sumo_simulation_dag.py
[2024-10-29T23:59:32.522+0000] {logging_mixin.py:149} INFO - [2024-10-29T23:59:32.522+0000] {dag.py:2726} INFO - Sync 1 DAGs
[2024-10-29T23:59:32.546+0000] {logging_mixin.py:149} INFO - [2024-10-29T23:59:32.546+0000] {dag.py:3490} INFO - Setting next_dagrun for sumo_simulation_dag_v2 to 2024-10-29T00:00:00+00:00, run_after=2024-10-30T00:00:00+00:00
[2024-10-29T23:59:32.567+0000] {processor.py:178} INFO - Processing /opt/airflow/dags/sumo_simulation_dag.py took 0.093 seconds
